Unity Editor version:    2023.1.0b7 (9a9d9bca6c0f)
Branch:                  2023.1/staging
Build type:              Release
Batch mode:              YES
macOS version:           Version 12.6.3 (Build 21G419)
Darwin version:          21.6.0
Architecture:            arm64
Running under Rosetta:   NO
Available memory:        8192 MB
Using pre-set license
Pro License: YES

COMMAND LINE ARGUMENTS:
/Applications/Unity/Hub/Editor/2023.1.0b7/Unity.app/Contents/MacOS/Unity
-adb2
-batchMode
-noUpm
-name
AssetImportWorker1
-projectPath
/Users/yakkshit/Downloads/pp/2048-3d-master
-logFile
Logs/AssetImportWorker1.log
-srvPort
60924
Successfully changed project path to: /Users/yakkshit/Downloads/pp/2048-3d-master
/Users/yakkshit/Downloads/pp/2048-3d-master
[UnityMemory] Configuration Parameters - Can be set up in boot.config
    "memorysetup-bucket-allocator-granularity=16"
    "memorysetup-bucket-allocator-bucket-count=8"
    "memorysetup-bucket-allocator-block-size=33554432"
    "memorysetup-bucket-allocator-block-count=8"
    "memorysetup-main-allocator-block-size=16777216"
    "memorysetup-thread-allocator-block-size=16777216"
    "memorysetup-gfx-main-allocator-block-size=16777216"
    "memorysetup-gfx-thread-allocator-block-size=16777216"
    "memorysetup-cache-allocator-block-size=4194304"
    "memorysetup-typetree-allocator-block-size=2097152"
    "memorysetup-profiler-bucket-allocator-granularity=16"
    "memorysetup-profiler-bucket-allocator-bucket-count=8"
    "memorysetup-profiler-bucket-allocator-block-size=33554432"
    "memorysetup-profiler-bucket-allocator-block-count=8"
    "memorysetup-profiler-allocator-block-size=16777216"
    "memorysetup-profiler-editor-allocator-block-size=1048576"
    "memorysetup-temp-allocator-size-main=16777216"
    "memorysetup-job-temp-allocator-block-size=2097152"
    "memorysetup-job-temp-allocator-block-size-background=1048576"
    "memorysetup-job-temp-allocator-reduction-small-platforms=262144"
    "memorysetup-temp-allocator-size-background-worker=32768"
    "memorysetup-temp-allocator-size-job-worker=262144"
    "memorysetup-temp-allocator-size-preload-manager=33554432"
    "memorysetup-temp-allocator-size-nav-mesh-worker=65536"
    "memorysetup-temp-allocator-size-audio-worker=65536"
    "memorysetup-temp-allocator-size-cloud-worker=32768"
    "memorysetup-temp-allocator-size-gi-baking-worker=262144"
    "memorysetup-temp-allocator-size-gfx=262144"
Player connection [4440966528] Host "[IP] 192.168.0.114 [Port] 0 [Flags] 2 [Guid] 1620471283 [EditorId] 1620471283 [Version] 1048832 [Id] OSXEditor(0,yakkshits-Air) [Debug] 1 [PackageName] OSXEditor [ProjectName] Editor" joined multi-casting on [225.0.0.222:54997]...

Player connection [4440966528] Host "[IP] 192.168.0.114 [Port] 0 [Flags] 2 [Guid] 1620471283 [EditorId] 1620471283 [Version] 1048832 [Id] OSXEditor(0,yakkshits-Air) [Debug] 1 [PackageName] OSXEditor [ProjectName] Editor" joined alternative multi-casting on [225.0.0.222:34997]...

Library Redirect Path: Library/Refreshing native plugins compatible for Editor in 29.37 ms, found 2 plugins.
Preloading 0 native plugins for Editor in 0.00 ms.
Initialize engine version: 2023.1.0b7 (9a9d9bca6c0f)
[Subsystems] Discovering subsystems at path /Applications/Unity/Hub/Editor/2023.1.0b7/Unity.app/Contents/Resources/UnitySubsystems
[Subsystems] Discovering subsystems at path /Users/yakkshit/Downloads/pp/2048-3d-master/Assets
GfxDevice: creating device client; threaded=0; jobified=0
 preferred device: Apple M1 (high power)
Metal devices available: 1
0: Apple M1 (high power)
Using device Apple M1 (high power)
Initializing Metal device caps: Apple M1
Initialize mono
Mono path[0] = '/Applications/Unity/Hub/Editor/2023.1.0b7/Unity.app/Contents/Managed'
Mono path[1] = '/Applications/Unity/Hub/Editor/2023.1.0b7/Unity.app/Contents/MonoBleedingEdge/lib/mono/unityjit-macos'
Mono config path = '/Applications/Unity/Hub/Editor/2023.1.0b7/Unity.app/Contents/MonoBleedingEdge/etc'
Using monoOptions --debugger-agent=transport=dt_socket,embedding=1,server=y,suspend=n,address=127.0.0.1:56930
Begin MonoManager ReloadAssembly
icall.c:1842:
icall.c:1842:
icall.c:1842:
icall.c:1842:
icall.c:1842:
icall.c:1842:
icall.c:1842:
icall.c:1842:
icall.c:1842:
icall.c:1842:
Registering precompiled unity dll's ...
Register platform support module: /Applications/Unity/Hub/Editor/2023.1.0b7/PlaybackEngines/WebGLSupport/UnityEditor.WebGL.Extensions.dll
Register platform support module: /Applications/Unity/Hub/Editor/2023.1.0b7/Unity.app/Contents/PlaybackEngines/MacStandaloneSupport/UnityEditor.OSXStandalone.Extensions.dll
Register platform support module: /Applications/Unity/Hub/Editor/2023.1.0b7/PlaybackEngines/AndroidPlayer/UnityEditor.Android.Extensions.dll
Registered in 0.008451 seconds.
- Loaded All Assemblies, in  0.738 seconds
Native extension for Android target not found
Android Extension - Scanning For ADB Devices 177 ms
Native extension for OSXStandalone target not found
Native extension for WebGL target not found
Mono: successfully reloaded assembly
icall.c:1842:
icall.c:1842:
- Finished resetting the current domain, in  0.805 seconds
Domain Reload Profiling: 1544ms
	BeginReloadAssembly (184ms)
		ExecutionOrderSort (0ms)
		DisableScriptedObjects (0ms)
		BackupInstance (0ms)
		ReleaseScriptingObjects (0ms)
		CreateAndSetChildDomain (1ms)
	RebuildCommonClasses (76ms)
	RebuildNativeTypeToScriptingClass (28ms)
	initialDomainReloadingComplete (85ms)
	LoadAllAssembliesAndSetupDomain (364ms)
		LoadAssemblies (188ms)
		RebuildTransferFunctionScriptingTraits (0ms)
		AnalyzeDomain (353ms)
			TypeCache.Refresh (351ms)
				TypeCache.ScanAssembly (326ms)
			ScanForSourceGeneratedMonoScriptInfo (1ms)
			ResolveRequiredComponents (1ms)
	FinalizeReload (806ms)
		ReleaseScriptCaches (0ms)
		RebuildScriptCaches (0ms)
		SetupLoadedEditorAssemblies (721ms)
			LogAssemblyErrors (0ms)
			InitializePlatformSupportModulesInManaged (388ms)
			SetLoadedEditorAssemblies (7ms)
			BeforeProcessingInitializeOnLoad (10ms)
			ProcessInitializeOnLoadAttributes (227ms)
			ProcessInitializeOnLoadMethodAttributes (89ms)
			AfterProcessingInitializeOnLoad (0ms)
			EditorAssembliesLoaded (0ms)
		ExecutionOrderSort2 (0ms)
		AwakeInstancesAfterBackupRestoration (0ms)
========================================================================
Worker process is ready to serve import requests
Import Worker Mode flag is 0x00
Begin MonoManager ReloadAssembly
icall.c:1842:
icall.c:1842:
icall.c:1842:
icall.c:1842:
icall.c:1842:
icall.c:1842:
icall.c:1842:
icall.c:1842:
icall.c:1842:
icall.c:1842:
icall.c:1842:
icall.c:1842:
- Loaded All Assemblies, in  2.039 seconds
Refreshing native plugins compatible for Editor in 6.68 ms, found 2 plugins.
Native extension for Android target not found
Native extension for OSXStandalone target not found
Native extension for WebGL target not found
Mono: successfully reloaded assembly
- Finished resetting the current domain, in  1.595 seconds
Domain Reload Profiling: 3656ms
	BeginReloadAssembly (722ms)
		ExecutionOrderSort (0ms)
		DisableScriptedObjects (16ms)
		BackupInstance (0ms)
		ReleaseScriptingObjects (0ms)
		CreateAndSetChildDomain (314ms)
	RebuildCommonClasses (79ms)
	RebuildNativeTypeToScriptingClass (33ms)
	initialDomainReloadingComplete (76ms)
	LoadAllAssembliesAndSetupDomain (1152ms)
		LoadAssemblies (582ms)
		RebuildTransferFunctionScriptingTraits (0ms)
		AnalyzeDomain (653ms)
			TypeCache.Refresh (618ms)
				TypeCache.ScanAssembly (570ms)
			ScanForSourceGeneratedMonoScriptInfo (29ms)
			ResolveRequiredComponents (5ms)
	FinalizeReload (1596ms)
		ReleaseScriptCaches (0ms)
		RebuildScriptCaches (0ms)
		SetupLoadedEditorAssemblies (1115ms)
			LogAssemblyErrors (0ms)
			InitializePlatformSupportModulesInManaged (64ms)
			SetLoadedEditorAssemblies (6ms)
			BeforeProcessingInitializeOnLoad (125ms)
			ProcessInitializeOnLoadAttributes (523ms)
			ProcessInitializeOnLoadMethodAttributes (385ms)
			AfterProcessingInitializeOnLoad (2ms)
			EditorAssembliesLoaded (10ms)
		ExecutionOrderSort2 (0ms)
		AwakeInstancesAfterBackupRestoration (10ms)
Launching external process: /Applications/Unity/Hub/Editor/2023.1.0b7/Unity.app/Contents/Tools/UnityShaderCompiler
Launched and connected shader compiler UnityShaderCompiler after 0.17 seconds
Refreshing native plugins compatible for Editor in 6.28 ms, found 2 plugins.
Preloading 0 native plugins for Editor in 0.00 ms.
Unloading 2494 Unused Serialized files (Serialized files now loaded: 0)
Unloading 73 unused Assets / (70.6 KB). Loaded Objects now: 3000.
Memory consumption went from 237.2 MB to 237.2 MB.
Total: 19.872208 ms (FindLiveObjects: 0.194833 ms CreateObjectMapping: 0.111416 ms MarkObjects: 19.279417 ms  DeleteObjects: 0.280875 ms)

AssetImportParameters requested are different than current active one (requested -> active):
  custom:container-demuxer-ogg: 62fdf1f143b41e24485cea50d1cbac27 -> 
  custom:scripting/monoscript/fileName/MiniJSON.cs: 9dd9bd3ab85495126c7877887d3a0b4e -> 9a756635ba857311c4cad4daf90aa118
  custom:scripting/monoscript/fileName/ShowOptions.cs: 907853a0b23687a252768e983401a2b4 -> 
  custom:scripting/monoscript/fileName/SkAdNetworkLocalSourceProvider.cs: cf168d41ae0339006b9d3e85924e1e18 -> 
  custom:scripting/monoscript/fileName/ISkAdNetworkParser.cs: 00a2f1799285403c715675afc483a338 -> 
  custom:scripting/monoscript/fileName/SkAdNetworkRemoteSource.cs: 4ce6c78ada45cdbd9845161fe5b527d6 -> 
  custom:scripting/monoscript/fileName/UnityAdsInitializationListenerMainDispatch.cs: 114773e7dc48b88138ce9f5404f3c39c -> 
  custom:scripting/monoscript/fileName/IUnityAdsLoadListener.cs: 50e8b68160e2f2538886aa4b7b61a0f8 -> 
  custom:scripting/monoscript/fileName/BannerBundle.cs: c2862d54b4d7ad6a7c329caf69f74522 -> 
  custom:scripting/monoscript/fileName/UiConstants.cs: d033ded79bf016572865d25f033a7fc7 -> 
  custom:video-decoder-webm-vp8: 9c59270c3fd7afecdb556c50c9e8de78 -> 
  custom:scripting/monoscript/fileName/UnsupportedPlatform.cs: 70647992ba3772ae90af74a2f80bfe61 -> 
  custom:scripting/monoscript/fileName/SkAdNetworkJsonParser.cs: 2e9a76db394ac72bcb5c1cb07b5a3eb5 -> 
  custom:scripting/monoscript/fileName/Placeholder.cs: dc7dc49fb88e9c6a01026b714c085c4e -> 
  custom:scripting/monoscript/fileName/SkAdNetworkXmlParser.cs: c4d791522d8060bb36e3ca53a1e3c472 -> 
  custom:scripting/monoscript/fileName/IUnityLifecycleManager.cs: dc09e18ba7720d75ad974331d1cc46bb -> 
  custom:scripting/monoscript/fileName/BannerOptions.cs: b20fb271839b57a288ec71ce73eb696b -> 
  custom:scripting/monoscript/fileName/IUnityAdsShowListener.cs: cf15f2e00edeff86a072dc96142e6ae8 -> 
  custom:scripting/monoscript/fileName/AndroidLoadListener.cs: f9da6dba1ab0cee865b8bfe528cfa243 -> 
  custom:scripting/monoscript/fileName/EditorTimer.cs: 481d241555bb2caea52276bc80c44dd0 -> 
  custom:scripting/monoscript/fileName/AndroidShowListener.cs: 68f60435133353c463fd4ba8612cd1d3 -> 
  custom:audio-encoder-webm-vorbis: bf7c407c2cedff20999df2af8eb42d56 -> 
  custom:scripting/monoscript/fileName/AdsServiceTopMenu.cs: 4259d1e69413eee1dc15f63471a1123f -> 
  custom:scripting/monoscript/fileName/CoroutineExecutor.cs: 81b7e05520d351a5d800b16cdb1a8670 -> 
  custom:scripting/monoscript/fileName/Banner.cs: 3e272af97a50c7297b83c105075660c2 -> 
  custom:video-decoder-ogg-theora: a1e56fd34408186e4bbccfd4996cb3dc -> 
  custom:scripting/monoscript/fileName/GameIdsUi.cs: 7f9de94899f7caa856844cd5dd6bebbb -> 
  custom:scripting/monoscript/fileName/Color.cs: 052bd00c2f811370ae18ff5c84d60ae7 -> 
  custom:scripting/monoscript/fileName/SkAdNetworkParser.cs: 63ea983e03422b5744f7d5ef87e509db -> 
  custom:scripting/monoscript/fileName/ApplicationQuit.cs: 693ef360f7cfde012ac34e2d78cc00f0 -> 
  custom:scripting/monoscript/fileName/UnityAdsLoadListenerMainDispatch.cs: 31f1282b5052137ed3fa7eabb52b9550 -> 
  custom:scripting/monoscript/fileName/UnsupportedBanner.cs: 94092f492f62a479f89db73a4d75dfe6 -> 
  custom:scripting/monoscript/fileName/Advertisement.cs: 1aaf8094c25f08d67034b74a01cbe2c4 -> 
  custom:scripting/monoscript/fileName/IBanner.cs: a4dd9caf870f19a68f872dad8602e5bd -> 
  custom:framework-osx-AVFoundation: e770b220cccbd017edd2c1fefb359320 -> 
  custom:scripting/monoscript/fileName/AdsLegacyToMediationPopup.cs: 5f7f0ffc6f9fd389bdc0a71db01a99a4 -> 
  custom:scripting/precompiled-assembly-types:UnityEngine.UI: 86812638370ab69dcdf954a90e88b0b2 -> 55ba24d9276472186954dd5e0391a2dc
  custom:scripting/monoscript/fileName/SkAdNetworkLocalSource.cs: 24e2e363b7d610ab03d61705aa54cdc1 -> 
  custom:scripting/monoscript/fileName/INativePlatform.cs: 5877a011f50d2e3fb2124ddc38d59367 -> 
  custom:scripting/monoscript/fileName/EditorGameServiceAnalyticsSender.cs: 7d3647bed1aa704685b5f6bdac30c970 -> 8bf60872ac2cc5d469b63c20e25f0d58
  custom:scripting/monoscript/fileName/INativeBanner.cs: f02486938cf8a3fab600d2aa93479dc5 -> 
  custom:scripting/monoscript/fileName/MetaData.cs: fcc2240d7f5939e317ba5f73924a62b0 -> 
  custom:scripting/monoscript/fileName/StartEventArgs.cs: 488334481efcd4238c3d93437d51344f -> 
  custom:scripting/monoscript/fileName/BannerPlaceholder.cs: 47bbd045968b4accb04a83cb1c004944 -> 
  custom:scripting/monoscript/fileName/AdsSettingsProvider.cs: a37b7e055955eb28e22d58c92545d483 -> 
  custom:scripting/monoscript/fileName/BannerLoadOptions.cs: 5ef109474c2f91ce9db9f6dca15b8a50 -> 
  custom:scripting/monoscript/fileName/RequestGameIds.cs: 1770056b730c30e9eb20371967cc7d54 -> 
  custom:scripting/monoscript/fileName/SkAdNetworkUrlParser.cs: d0c2ddc879b9c58053ead5206b8fd2ee -> 
  custom:scripting/monoscript/fileName/EditorPlatform.cs: ebfc104a013cfcf421039da869bd9a12 -> 
  custom:container-muxer-webm: aa71ff27fc2769a1b78a27578f13a17b -> 
  custom:scripting/monoscript/fileName/ISkAdNetworkSource.cs: 2edbde09d15b4fc45971df135bdab360 -> 
  custom:scripting/monoscript/fileName/EnumUtilities.cs: 5a21a105f58880df6c87f84e99142f1e -> 
  custom:scripting/monoscript/fileName/AndroidInitializationListener.cs: 0a66013131439da8021bc2252fd2fb9d -> 
  custom:AudioImporter_EditorPlatform: 3918e3fc78b5a79bad01e8451be0beb8 -> 
  custom:scripting/monoscript/fileName/FinishEventArgs.cs: 9c3653493570649906809987784b185d -> 
  custom:audio-decoder-ogg-vorbis: bf7c407c2cedff20999df2af8eb42d56 -> 
  custom:scripting/monoscript/fileName/UnityLifecycleManager.cs: 778ea64b784342f7bc6183d9ebd03d04 -> 
  custom:scripting/monoscript/fileName/Configuration.cs: cc24c747281f83544d6532b3b619e82e -> 
  custom:scripting/monoscript/fileName/EditorBanner.cs: da89a45a10ffa6b32542b8936dea6fa7 -> 
  custom:scripting/monoscript/fileName/AssemblyInfoUtilities.cs: cfb54d5f8c64068dbe110183f4c779cf -> 
  custom:scripting/monoscript/fileName/UnityAdsShowListenerMainDispatch.cs: 1e941d5a53efb3e56adb8cf815abf8d2 -> 
  custom:scripting/monoscript/fileName/PluginUtils.cs: 622cad900c32a75eb031e24b63abb3d9 -> 
  custom:scripting/monoscript/fileName/GettingStartedUi.cs: df3891749d02f246e39cc01e02e45428 -> 
  custom:scripting/monoscript/fileName/AdsService.cs: a80fe44f6bb90ae25095abab21494c0c -> 
  custom:scripting/monoscript/fileName/Platform.cs: da80c80ab243bb84b0ec9b692f173112 -> 
  custom:container-demuxer-webm: 4f35f7cbe854078d1ac9338744f61a02 -> 
  custom:scripting/monoscript/fileName/SkAdNetworkFileExtension.cs: ce0d5a10118b6d2ddbd380ff99aa16e0 -> 
  custom:scripting/monoscript/fileName/IPlatform.cs: 7797606926422d17a325876f68b039f5 -> 
  custom:scripting/monoscript/fileName/UiUtils.cs: 92a38366a2a31d6040f0b68e2f09cfff -> 
  custom:scripting/monoscript/fileName/AdsServiceEnabler.cs: 302965511998f922cc7771b61e27c203 -> 
  custom:video-encoder-webm-vp8: eb34c28f22e8b96e1ab97ce403110664 -> 
  custom:scripting/monoscript/fileName/AdsServiceIdentifier.cs: a0c2b0ec1b0e22d4822c4f9daff3c51d -> 
  custom:scripting/monoscript/fileName/AdsDashboardUrls.cs: 639222f61a8da5d8eabec0179d12155f -> 
  custom:scripting/monoscript/fileName/IUnityAdsInitializationListener.cs: f10a0c5171fd22d7c1e94f51b88aef68 -> 
========================================================================
Received Import Request.
  Time since last request: 652323.550172 seconds.
  path: Assets/ArrowPrefab.prefab
  artifactKey: Guid(6e467cc60cb2fff459f97c9cbbccac90) Importer(815301076,1909f56bfc062723c751e8b465ee728b)
Start importing Assets/ArrowPrefab.prefab using Guid(6e467cc60cb2fff459f97c9cbbccac90) Importer(815301076,1909f56bfc062723c751e8b465ee728b)  -> (artifact id: 'a8ef26c6271af68be38aa698592bcb07') in 0.690199 seconds 
Number of updated asset objects reloaded before import = 0
Number of asset objects unloaded after import = 19
========================================================================
Received Import Request.
  Time since last request: 0.009592 seconds.
  path: Assets/settings-icon.png
  artifactKey: Guid(c908b8ed949a856438470f29eef9ce85) Importer(815301076,1909f56bfc062723c751e8b465ee728b)
Start importing Assets/settings-icon.png using Guid(c908b8ed949a856438470f29eef9ce85) Importer(815301076,1909f56bfc062723c751e8b465ee728b)  -> (artifact id: '9fdd0081f3c2e5eb1474424f96083071') in 0.101506 seconds 
Number of updated asset objects reloaded before import = 0
Number of asset objects unloaded after import = 3
========================================================================
Received Import Request.
  Time since last request: 0.006391 seconds.
  path: Assets/CubeColor.mat
  artifactKey: Guid(5e186abe9698370478aac28bf92f5cd7) Importer(815301076,1909f56bfc062723c751e8b465ee728b)
Start importing Assets/CubeColor.mat using Guid(5e186abe9698370478aac28bf92f5cd7) Importer(815301076,1909f56bfc062723c751e8b465ee728b)  -> (artifact id: '8a8fca5db9f94c5153a8141539f07c76') in 0.421534 seconds 
Number of updated asset objects reloaded before import = 0
Number of asset objects unloaded after import = 1
========================================================================
Received Import Request.
  Time since last request: 0.000111 seconds.
  path: Assets/info-icon.png
  artifactKey: Guid(c1147e00a935920439a8740baafd2c68) Importer(815301076,1909f56bfc062723c751e8b465ee728b)
Start importing Assets/info-icon.png using Guid(c1147e00a935920439a8740baafd2c68) Importer(815301076,1909f56bfc062723c751e8b465ee728b)  -> (artifact id: 'bd4e6ab999844487d5121913e88944dd') in 0.014675 seconds 
Number of updated asset objects reloaded before import = 0
Number of asset objects unloaded after import = 3
========================================================================
Received Import Request.
  Time since last request: 0.000621 seconds.
  path: Assets/GridPrefab.prefab
  artifactKey: Guid(00f9658dccec4994cbe5f2a88ee95444) Importer(815301076,1909f56bfc062723c751e8b465ee728b)
Start importing Assets/GridPrefab.prefab using Guid(00f9658dccec4994cbe5f2a88ee95444) Importer(815301076,1909f56bfc062723c751e8b465ee728b)  -> (artifact id: 'd51482d838f5a095396192cea70109a2') in 0.228421 seconds 
Number of updated asset objects reloaded before import = 0
Number of asset objects unloaded after import = 9
========================================================================
Received Import Request.
  Time since last request: 0.000171 seconds.
  path: Assets/ClearSans-Medium.ttf
  artifactKey: Guid(c6f0350af95a6584c8ddcc51632073e1) Importer(815301076,1909f56bfc062723c751e8b465ee728b)
Start importing Assets/ClearSans-Medium.ttf using Guid(c6f0350af95a6584c8ddcc51632073e1) Importer(815301076,1909f56bfc062723c751e8b465ee728b)  -> (artifact id: '18d9308475bf5db4baae4de757b0e57e') in 0.104727 seconds 
Number of updated asset objects reloaded before import = 0
Number of asset objects unloaded after import = 4
========================================================================
Received Import Request.
  Time since last request: 0.000108 seconds.
  path: Assets/WebGLTemplates/FullscreenTemplate
  artifactKey: Guid(b4299f872c7ba244e9ec3e2bcaf5dd08) Importer(815301076,1909f56bfc062723c751e8b465ee728b)
Start importing Assets/WebGLTemplates/FullscreenTemplate using Guid(b4299f872c7ba244e9ec3e2bcaf5dd08) Importer(815301076,1909f56bfc062723c751e8b465ee728b)  -> (artifact id: '081afd9f7e9ac8cfe2899a605b2f15ac') in 0.000380 seconds 
Number of updated asset objects reloaded before import = 0
Number of asset objects unloaded after import = 0
========================================================================
Received Import Request.
  Time since last request: 0.000277 seconds.
  path: Assets/ClearSans-Regular.ttf
  artifactKey: Guid(ebf6e699a47c54f47a102f47333943ed) Importer(815301076,1909f56bfc062723c751e8b465ee728b)
Start importing Assets/ClearSans-Regular.ttf using Guid(ebf6e699a47c54f47a102f47333943ed) Importer(815301076,1909f56bfc062723c751e8b465ee728b)  -> (artifact id: 'c5720588d7012316e2fe1848eac61c41') in 0.010102 seconds 
Number of updated asset objects reloaded before import = 0
Number of asset objects unloaded after import = 4
========================================================================
Received Import Request.
  Time since last request: 0.000229 seconds.
  path: Assets/Grid.png
  artifactKey: Guid(13302d08a20c4ac4482f53c11e8d2ac0) Importer(815301076,1909f56bfc062723c751e8b465ee728b)
Start importing Assets/Grid.png using Guid(13302d08a20c4ac4482f53c11e8d2ac0) Importer(815301076,1909f56bfc062723c751e8b465ee728b)  -> (artifact id: 'f11d88cea6b3679ff7ad3eb874d77d16') in 0.005503 seconds 
Number of updated asset objects reloaded before import = 0
Number of asset objects unloaded after import = 2
========================================================================
Received Import Request.
  Time since last request: 0.000206 seconds.
  path: Assets/logo_cropped.png
  artifactKey: Guid(9239c073b8537374c89f9c44a594580a) Importer(815301076,1909f56bfc062723c751e8b465ee728b)
Start importing Assets/logo_cropped.png using Guid(9239c073b8537374c89f9c44a594580a) Importer(815301076,1909f56bfc062723c751e8b465ee728b)  -> (artifact id: 'f61a1dcfdbc4ae0e62590d9908c230c0') in 0.012966 seconds 
Number of updated asset objects reloaded before import = 0
Number of asset objects unloaded after import = 3
========================================================================
Received Import Request.
  Time since last request: 0.000271 seconds.
  path: Assets/ClearSans-Thin.ttf
  artifactKey: Guid(a70b4003ff5b86b49a19681575060685) Importer(815301076,1909f56bfc062723c751e8b465ee728b)
Start importing Assets/ClearSans-Thin.ttf using Guid(a70b4003ff5b86b49a19681575060685) Importer(815301076,1909f56bfc062723c751e8b465ee728b)  -> (artifact id: '52dd07ff954abcf52121e74b5ae22b62') in 0.009940 seconds 
Number of updated asset objects reloaded before import = 0
Number of asset objects unloaded after import = 4
========================================================================
Received Import Request.
  Time since last request: 0.000143 seconds.
  path: Assets/ClearSans-Light.ttf
  artifactKey: Guid(0cba90d40eb392345be2e45a92e2cc48) Importer(815301076,1909f56bfc062723c751e8b465ee728b)
Start importing Assets/ClearSans-Light.ttf using Guid(0cba90d40eb392345be2e45a92e2cc48) Importer(815301076,1909f56bfc062723c751e8b465ee728b)  -> (artifact id: '10997942b2e142657ef1433b47514297') in 0.008823 seconds 
Number of updated asset objects reloaded before import = 0
Number of asset objects unloaded after import = 4
========================================================================
Received Import Request.
  Time since last request: 0.000289 seconds.
  path: Assets/WebGLTemplates/FullscreenTemplate/TemplateData
  artifactKey: Guid(66b6987c8e07fc64388d47d95bccc920) Importer(815301076,1909f56bfc062723c751e8b465ee728b)
Start importing Assets/WebGLTemplates/FullscreenTemplate/TemplateData using Guid(66b6987c8e07fc64388d47d95bccc920) Importer(815301076,1909f56bfc062723c751e8b465ee728b)  -> (artifact id: '6d9fb5efab3cd6f44d46c6a493a3e307') in 0.000633 seconds 
Number of updated asset objects reloaded before import = 0
Number of asset objects unloaded after import = 0
========================================================================
Received Prepare
Begin MonoManager ReloadAssembly
Thread 0x16d31b000 may have been prematurely finalized
icall.c:1842:
icall.c:1842:
icall.c:1842:
icall.c:1842:
icall.c:1842:
icall.c:1842:
icall.c:1842:
icall.c:1842:
icall.c:1842:
icall.c:1842:
icall.c:1842:
icall.c:1842:
- Loaded All Assemblies, in  1.050 seconds
Refreshing native plugins compatible for Editor in 3.78 ms, found 2 plugins.
Native extension for Android target not found
Native extension for OSXStandalone target not found
Native extension for WebGL target not found
Mono: successfully reloaded assembly
- Finished resetting the current domain, in  1.729 seconds
Domain Reload Profiling: 2783ms
	BeginReloadAssembly (217ms)
		ExecutionOrderSort (0ms)
		DisableScriptedObjects (9ms)
		BackupInstance (0ms)
		ReleaseScriptingObjects (0ms)
		CreateAndSetChildDomain (97ms)
	RebuildCommonClasses (53ms)
	RebuildNativeTypeToScriptingClass (20ms)
	initialDomainReloadingComplete (34ms)
	LoadAllAssembliesAndSetupDomain (729ms)
		LoadAssemblies (364ms)
		RebuildTransferFunctionScriptingTraits (0ms)
		AnalyzeDomain (418ms)
			TypeCache.Refresh (399ms)
				TypeCache.ScanAssembly (365ms)
			ScanForSourceGeneratedMonoScriptInfo (15ms)
			ResolveRequiredComponents (3ms)
	FinalizeReload (1730ms)
		ReleaseScriptCaches (0ms)
		RebuildScriptCaches (0ms)
		SetupLoadedEditorAssemblies (1114ms)
			LogAssemblyErrors (0ms)
			InitializePlatformSupportModulesInManaged (23ms)
			SetLoadedEditorAssemblies (4ms)
			BeforeProcessingInitializeOnLoad (93ms)
			ProcessInitializeOnLoadAttributes (593ms)
			ProcessInitializeOnLoadMethodAttributes (397ms)
			AfterProcessingInitializeOnLoad (2ms)
			EditorAssembliesLoaded (3ms)
		ExecutionOrderSort2 (0ms)
		AwakeInstancesAfterBackupRestoration (9ms)
Refreshing native plugins compatible for Editor in 4.22 ms, found 2 plugins.
Preloading 0 native plugins for Editor in 0.00 ms.
Unloading 2485 Unused Serialized files (Serialized files now loaded: 0)
Unloading 60 unused Assets / (47.8 KB). Loaded Objects now: 3056.
Memory consumption went from 237.6 MB to 237.6 MB.
Total: 17.956209 ms (FindLiveObjects: 0.175500 ms CreateObjectMapping: 0.055917 ms MarkObjects: 17.523250 ms  DeleteObjects: 0.201000 ms)

Prepare: number of updated asset objects reloaded= 0
AssetImportParameters requested are different than current active one (requested -> active):
  custom:container-demuxer-ogg: 62fdf1f143b41e24485cea50d1cbac27 -> 
  custom:scripting/monoscript/fileName/MiniJSON.cs: 9dd9bd3ab85495126c7877887d3a0b4e -> 9a756635ba857311c4cad4daf90aa118
  custom:scripting/monoscript/fileName/ShowOptions.cs: 907853a0b23687a252768e983401a2b4 -> 
  custom:scripting/monoscript/fileName/SkAdNetworkLocalSourceProvider.cs: cf168d41ae0339006b9d3e85924e1e18 -> 
  custom:scripting/monoscript/fileName/ISkAdNetworkParser.cs: 00a2f1799285403c715675afc483a338 -> 
  custom:scripting/monoscript/fileName/SkAdNetworkRemoteSource.cs: 4ce6c78ada45cdbd9845161fe5b527d6 -> 
  custom:scripting/monoscript/fileName/UnityAdsInitializationListenerMainDispatch.cs: 114773e7dc48b88138ce9f5404f3c39c -> 
  custom:scripting/monoscript/fileName/IUnityAdsLoadListener.cs: 50e8b68160e2f2538886aa4b7b61a0f8 -> 
  custom:scripting/monoscript/fileName/BannerBundle.cs: c2862d54b4d7ad6a7c329caf69f74522 -> 
  custom:scripting/monoscript/fileName/UiConstants.cs: d033ded79bf016572865d25f033a7fc7 -> 
  custom:video-decoder-webm-vp8: 9c59270c3fd7afecdb556c50c9e8de78 -> 
  custom:scripting/monoscript/fileName/UnsupportedPlatform.cs: 70647992ba3772ae90af74a2f80bfe61 -> 
  custom:scripting/monoscript/fileName/SkAdNetworkJsonParser.cs: 2e9a76db394ac72bcb5c1cb07b5a3eb5 -> 
  custom:scripting/monoscript/fileName/Placeholder.cs: dc7dc49fb88e9c6a01026b714c085c4e -> 
  custom:scripting/monoscript/fileName/SkAdNetworkXmlParser.cs: c4d791522d8060bb36e3ca53a1e3c472 -> 
  custom:scripting/monoscript/fileName/IUnityLifecycleManager.cs: dc09e18ba7720d75ad974331d1cc46bb -> 
  custom:scripting/monoscript/fileName/BannerOptions.cs: b20fb271839b57a288ec71ce73eb696b -> 
  custom:scripting/monoscript/fileName/IUnityAdsShowListener.cs: cf15f2e00edeff86a072dc96142e6ae8 -> 
  custom:scripting/monoscript/fileName/AndroidLoadListener.cs: f9da6dba1ab0cee865b8bfe528cfa243 -> 
  custom:scripting/monoscript/fileName/EditorTimer.cs: 481d241555bb2caea52276bc80c44dd0 -> 
  custom:scripting/monoscript/fileName/AndroidShowListener.cs: 68f60435133353c463fd4ba8612cd1d3 -> 
  custom:audio-encoder-webm-vorbis: bf7c407c2cedff20999df2af8eb42d56 -> 
  custom:scripting/monoscript/fileName/AdsServiceTopMenu.cs: 4259d1e69413eee1dc15f63471a1123f -> 
  custom:scripting/monoscript/fileName/CoroutineExecutor.cs: 81b7e05520d351a5d800b16cdb1a8670 -> 
  custom:scripting/monoscript/fileName/Banner.cs: 3e272af97a50c7297b83c105075660c2 -> 
  custom:video-decoder-ogg-theora: a1e56fd34408186e4bbccfd4996cb3dc -> 
  custom:scripting/monoscript/fileName/GameIdsUi.cs: 7f9de94899f7caa856844cd5dd6bebbb -> 
  custom:scripting/monoscript/fileName/Color.cs: 052bd00c2f811370ae18ff5c84d60ae7 -> 
  custom:scripting/monoscript/fileName/SkAdNetworkParser.cs: 63ea983e03422b5744f7d5ef87e509db -> 
  custom:scripting/monoscript/fileName/ApplicationQuit.cs: 693ef360f7cfde012ac34e2d78cc00f0 -> 
  custom:scripting/monoscript/fileName/UnityAdsLoadListenerMainDispatch.cs: 31f1282b5052137ed3fa7eabb52b9550 -> 
  custom:scripting/monoscript/fileName/UnsupportedBanner.cs: 94092f492f62a479f89db73a4d75dfe6 -> 
  custom:scripting/monoscript/fileName/Advertisement.cs: 1aaf8094c25f08d67034b74a01cbe2c4 -> 
  custom:scripting/monoscript/fileName/IBanner.cs: a4dd9caf870f19a68f872dad8602e5bd -> 
  custom:framework-osx-AVFoundation: e770b220cccbd017edd2c1fefb359320 -> 
  custom:scripting/monoscript/fileName/AdsLegacyToMediationPopup.cs: 5f7f0ffc6f9fd389bdc0a71db01a99a4 -> 
  custom:scripting/monoscript/fileName/SkAdNetworkLocalSource.cs: 24e2e363b7d610ab03d61705aa54cdc1 -> 
  custom:scripting/monoscript/fileName/INativePlatform.cs: 5877a011f50d2e3fb2124ddc38d59367 -> 
  custom:scripting/monoscript/fileName/EditorGameServiceAnalyticsSender.cs: 7d3647bed1aa704685b5f6bdac30c970 -> 8bf60872ac2cc5d469b63c20e25f0d58
  custom:scripting/monoscript/fileName/INativeBanner.cs: f02486938cf8a3fab600d2aa93479dc5 -> 
  custom:scripting/monoscript/fileName/MetaData.cs: fcc2240d7f5939e317ba5f73924a62b0 -> 
  custom:scripting/monoscript/fileName/StartEventArgs.cs: 488334481efcd4238c3d93437d51344f -> 
  custom:scripting/monoscript/fileName/BannerPlaceholder.cs: 47bbd045968b4accb04a83cb1c004944 -> 
  custom:scripting/monoscript/fileName/AdsSettingsProvider.cs: a37b7e055955eb28e22d58c92545d483 -> 
  custom:scripting/monoscript/fileName/BannerLoadOptions.cs: 5ef109474c2f91ce9db9f6dca15b8a50 -> 
  custom:scripting/monoscript/fileName/RequestGameIds.cs: 1770056b730c30e9eb20371967cc7d54 -> 
  custom:scripting/monoscript/fileName/SkAdNetworkUrlParser.cs: d0c2ddc879b9c58053ead5206b8fd2ee -> 
  custom:scripting/monoscript/fileName/EditorPlatform.cs: ebfc104a013cfcf421039da869bd9a12 -> 
  custom:container-muxer-webm: aa71ff27fc2769a1b78a27578f13a17b -> 
  custom:scripting/monoscript/fileName/ISkAdNetworkSource.cs: 2edbde09d15b4fc45971df135bdab360 -> 
  custom:scripting/monoscript/fileName/EnumUtilities.cs: 5a21a105f58880df6c87f84e99142f1e -> 
  custom:scripting/monoscript/fileName/AndroidInitializationListener.cs: 9dda6d6bd716067ec2b887cc8b54eb08 -> 7319051ca36e6dda6040ac7c6459e31a
  custom:AudioImporter_EditorPlatform: 3918e3fc78b5a79bad01e8451be0beb8 -> 
  custom:scripting/monoscript/fileName/FinishEventArgs.cs: 9c3653493570649906809987784b185d -> 
  custom:audio-decoder-ogg-vorbis: bf7c407c2cedff20999df2af8eb42d56 -> 
  custom:scripting/monoscript/fileName/UnityLifecycleManager.cs: 778ea64b784342f7bc6183d9ebd03d04 -> 
  custom:scripting/monoscript/fileName/Configuration.cs: cc24c747281f83544d6532b3b619e82e -> 
  custom:scripting/monoscript/fileName/EditorBanner.cs: da89a45a10ffa6b32542b8936dea6fa7 -> 
  custom:scripting/monoscript/fileName/AssemblyInfoUtilities.cs: cfb54d5f8c64068dbe110183f4c779cf -> 
  custom:scripting/monoscript/fileName/UnityAdsShowListenerMainDispatch.cs: 1e941d5a53efb3e56adb8cf815abf8d2 -> 
  custom:scripting/monoscript/fileName/PluginUtils.cs: 622cad900c32a75eb031e24b63abb3d9 -> 
  custom:scripting/monoscript/fileName/GettingStartedUi.cs: df3891749d02f246e39cc01e02e45428 -> 
  custom:scripting/monoscript/fileName/AdsService.cs: a80fe44f6bb90ae25095abab21494c0c -> 
  custom:scripting/monoscript/fileName/Platform.cs: da80c80ab243bb84b0ec9b692f173112 -> 
  custom:container-demuxer-webm: 4f35f7cbe854078d1ac9338744f61a02 -> 
  custom:scripting/monoscript/fileName/SkAdNetworkFileExtension.cs: ce0d5a10118b6d2ddbd380ff99aa16e0 -> 
  custom:scripting/monoscript/fileName/IPlatform.cs: 7797606926422d17a325876f68b039f5 -> 
  custom:scripting/monoscript/fileName/UiUtils.cs: 92a38366a2a31d6040f0b68e2f09cfff -> 
  custom:scripting/monoscript/fileName/AdsServiceEnabler.cs: 302965511998f922cc7771b61e27c203 -> 
  custom:video-encoder-webm-vp8: eb34c28f22e8b96e1ab97ce403110664 -> 
  custom:scripting/monoscript/fileName/AdsServiceIdentifier.cs: a0c2b0ec1b0e22d4822c4f9daff3c51d -> 
  custom:scripting/monoscript/fileName/AdsDashboardUrls.cs: 639222f61a8da5d8eabec0179d12155f -> 
  custom:scripting/monoscript/fileName/IUnityAdsInitializationListener.cs: f10a0c5171fd22d7c1e94f51b88aef68 -> 
========================================================================
Received Prepare
Refreshing native plugins compatible for Editor in 9.26 ms, found 2 plugins.
Preloading 0 native plugins for Editor in 0.00 ms.
Unloading 1 Unused Serialized files (Serialized files now loaded: 0)
Unloading 1 unused Assets / (2.9 KB). Loaded Objects now: 3056.
Memory consumption went from 199.6 MB to 199.6 MB.
Total: 24.155292 ms (FindLiveObjects: 0.159958 ms CreateObjectMapping: 0.046375 ms MarkObjects: 23.856917 ms  DeleteObjects: 0.090750 ms)

Prepare: number of updated asset objects reloaded= 0
AssetImportParameters requested are different than current active one (requested -> active):
  custom:container-demuxer-ogg: 62fdf1f143b41e24485cea50d1cbac27 -> 
  custom:scripting/monoscript/fileName/MiniJSON.cs: 9dd9bd3ab85495126c7877887d3a0b4e -> 9a756635ba857311c4cad4daf90aa118
  custom:scripting/monoscript/fileName/ShowOptions.cs: 907853a0b23687a252768e983401a2b4 -> 
  custom:scripting/monoscript/fileName/SkAdNetworkLocalSourceProvider.cs: cf168d41ae0339006b9d3e85924e1e18 -> 
  custom:scripting/monoscript/fileName/ISkAdNetworkParser.cs: 00a2f1799285403c715675afc483a338 -> 
  custom:scripting/monoscript/fileName/SkAdNetworkRemoteSource.cs: 4ce6c78ada45cdbd9845161fe5b527d6 -> 
  custom:scripting/monoscript/fileName/UnityAdsInitializationListenerMainDispatch.cs: 114773e7dc48b88138ce9f5404f3c39c -> 
  custom:scripting/monoscript/fileName/IUnityAdsLoadListener.cs: 50e8b68160e2f2538886aa4b7b61a0f8 -> 
  custom:scripting/monoscript/fileName/BannerBundle.cs: c2862d54b4d7ad6a7c329caf69f74522 -> 
  custom:scripting/monoscript/fileName/UiConstants.cs: d033ded79bf016572865d25f033a7fc7 -> 
  custom:video-decoder-webm-vp8: 9c59270c3fd7afecdb556c50c9e8de78 -> 
  custom:scripting/monoscript/fileName/UnsupportedPlatform.cs: 70647992ba3772ae90af74a2f80bfe61 -> 
  custom:scripting/monoscript/fileName/SkAdNetworkJsonParser.cs: 2e9a76db394ac72bcb5c1cb07b5a3eb5 -> 
  custom:scripting/monoscript/fileName/Placeholder.cs: dc7dc49fb88e9c6a01026b714c085c4e -> 
  custom:scripting/monoscript/fileName/SkAdNetworkXmlParser.cs: c4d791522d8060bb36e3ca53a1e3c472 -> 
  custom:scripting/monoscript/fileName/IUnityLifecycleManager.cs: dc09e18ba7720d75ad974331d1cc46bb -> 
  custom:scripting/monoscript/fileName/BannerOptions.cs: b20fb271839b57a288ec71ce73eb696b -> 
  custom:scripting/monoscript/fileName/IUnityAdsShowListener.cs: cf15f2e00edeff86a072dc96142e6ae8 -> 
  custom:scripting/monoscript/fileName/AndroidLoadListener.cs: f9da6dba1ab0cee865b8bfe528cfa243 -> 
  custom:scripting/monoscript/fileName/EditorTimer.cs: 481d241555bb2caea52276bc80c44dd0 -> 
  custom:scripting/monoscript/fileName/AndroidShowListener.cs: 68f60435133353c463fd4ba8612cd1d3 -> 
  custom:audio-encoder-webm-vorbis: bf7c407c2cedff20999df2af8eb42d56 -> 
  custom:scripting/monoscript/fileName/AdsServiceTopMenu.cs: 4259d1e69413eee1dc15f63471a1123f -> 
  custom:scripting/monoscript/fileName/CoroutineExecutor.cs: 81b7e05520d351a5d800b16cdb1a8670 -> 
  custom:scripting/monoscript/fileName/Banner.cs: 3e272af97a50c7297b83c105075660c2 -> 
  custom:video-decoder-ogg-theora: a1e56fd34408186e4bbccfd4996cb3dc -> 
  custom:scripting/monoscript/fileName/GameIdsUi.cs: 7f9de94899f7caa856844cd5dd6bebbb -> 
  custom:scripting/monoscript/fileName/Color.cs: 052bd00c2f811370ae18ff5c84d60ae7 -> 
  custom:scripting/monoscript/fileName/SkAdNetworkParser.cs: 63ea983e03422b5744f7d5ef87e509db -> 
  custom:scripting/monoscript/fileName/ApplicationQuit.cs: 693ef360f7cfde012ac34e2d78cc00f0 -> 
  custom:scripting/monoscript/fileName/UnityAdsLoadListenerMainDispatch.cs: 31f1282b5052137ed3fa7eabb52b9550 -> 
  custom:scripting/monoscript/fileName/UnsupportedBanner.cs: 94092f492f62a479f89db73a4d75dfe6 -> 
  custom:scripting/monoscript/fileName/Advertisement.cs: 1aaf8094c25f08d67034b74a01cbe2c4 -> 
  custom:scripting/monoscript/fileName/IBanner.cs: a4dd9caf870f19a68f872dad8602e5bd -> 
  custom:framework-osx-AVFoundation: e770b220cccbd017edd2c1fefb359320 -> 
  custom:scripting/monoscript/fileName/AdsLegacyToMediationPopup.cs: 5f7f0ffc6f9fd389bdc0a71db01a99a4 -> 
  custom:scripting/monoscript/fileName/SkAdNetworkLocalSource.cs: 24e2e363b7d610ab03d61705aa54cdc1 -> 
  custom:scripting/monoscript/fileName/INativePlatform.cs: 5877a011f50d2e3fb2124ddc38d59367 -> 
  custom:scripting/monoscript/fileName/EditorGameServiceAnalyticsSender.cs: 7d3647bed1aa704685b5f6bdac30c970 -> 8bf60872ac2cc5d469b63c20e25f0d58
  custom:scripting/monoscript/fileName/INativeBanner.cs: f02486938cf8a3fab600d2aa93479dc5 -> 
  custom:scripting/monoscript/fileName/MetaData.cs: fcc2240d7f5939e317ba5f73924a62b0 -> 
  custom:scripting/monoscript/fileName/StartEventArgs.cs: 488334481efcd4238c3d93437d51344f -> 
  custom:scripting/monoscript/fileName/BannerPlaceholder.cs: 47bbd045968b4accb04a83cb1c004944 -> 
  custom:scripting/monoscript/fileName/AdsSettingsProvider.cs: a37b7e055955eb28e22d58c92545d483 -> 
  custom:scripting/monoscript/fileName/BannerLoadOptions.cs: 5ef109474c2f91ce9db9f6dca15b8a50 -> 
  custom:scripting/monoscript/fileName/RequestGameIds.cs: 1770056b730c30e9eb20371967cc7d54 -> 
  custom:scripting/monoscript/fileName/SkAdNetworkUrlParser.cs: d0c2ddc879b9c58053ead5206b8fd2ee -> 
  custom:scripting/monoscript/fileName/EditorPlatform.cs: ebfc104a013cfcf421039da869bd9a12 -> 
  custom:container-muxer-webm: aa71ff27fc2769a1b78a27578f13a17b -> 
  custom:scripting/monoscript/fileName/ISkAdNetworkSource.cs: 2edbde09d15b4fc45971df135bdab360 -> 
  custom:scripting/monoscript/fileName/EnumUtilities.cs: 5a21a105f58880df6c87f84e99142f1e -> 
  custom:scripting/monoscript/fileName/AndroidInitializationListener.cs: 9dda6d6bd716067ec2b887cc8b54eb08 -> 7319051ca36e6dda6040ac7c6459e31a
  custom:AudioImporter_EditorPlatform: 3918e3fc78b5a79bad01e8451be0beb8 -> 
  custom:scripting/monoscript/fileName/FinishEventArgs.cs: 9c3653493570649906809987784b185d -> 
  custom:audio-decoder-ogg-vorbis: bf7c407c2cedff20999df2af8eb42d56 -> 
  custom:scripting/monoscript/fileName/UnityLifecycleManager.cs: 778ea64b784342f7bc6183d9ebd03d04 -> 
  custom:scripting/monoscript/fileName/Configuration.cs: cc24c747281f83544d6532b3b619e82e -> 
  custom:scripting/monoscript/fileName/EditorBanner.cs: da89a45a10ffa6b32542b8936dea6fa7 -> 
  custom:scripting/monoscript/fileName/AssemblyInfoUtilities.cs: cfb54d5f8c64068dbe110183f4c779cf -> 
  custom:scripting/monoscript/fileName/UnityAdsShowListenerMainDispatch.cs: 1e941d5a53efb3e56adb8cf815abf8d2 -> 
  custom:scripting/monoscript/fileName/PluginUtils.cs: 622cad900c32a75eb031e24b63abb3d9 -> 
  custom:scripting/monoscript/fileName/GettingStartedUi.cs: df3891749d02f246e39cc01e02e45428 -> 
  custom:scripting/monoscript/fileName/AdsService.cs: a80fe44f6bb90ae25095abab21494c0c -> 
  custom:scripting/monoscript/fileName/Platform.cs: da80c80ab243bb84b0ec9b692f173112 -> 
  custom:container-demuxer-webm: 4f35f7cbe854078d1ac9338744f61a02 -> 
  custom:scripting/monoscript/fileName/SkAdNetworkFileExtension.cs: ce0d5a10118b6d2ddbd380ff99aa16e0 -> 
  custom:scripting/monoscript/fileName/IPlatform.cs: 7797606926422d17a325876f68b039f5 -> 
  custom:scripting/monoscript/fileName/UiUtils.cs: 92a38366a2a31d6040f0b68e2f09cfff -> 
  custom:scripting/monoscript/fileName/AdsServiceEnabler.cs: 302965511998f922cc7771b61e27c203 -> 
  custom:video-encoder-webm-vp8: eb34c28f22e8b96e1ab97ce403110664 -> 
  custom:scripting/monoscript/fileName/AdsServiceIdentifier.cs: a0c2b0ec1b0e22d4822c4f9daff3c51d -> 
  custom:scripting/monoscript/fileName/AdsDashboardUrls.cs: 639222f61a8da5d8eabec0179d12155f -> 
  custom:scripting/monoscript/fileName/IUnityAdsInitializationListener.cs: f10a0c5171fd22d7c1e94f51b88aef68 -> 
========================================================================
Received Prepare
Refreshing native plugins compatible for Editor in 3.29 ms, found 2 plugins.
Preloading 0 native plugins for Editor in 0.00 ms.
Unloading 1 Unused Serialized files (Serialized files now loaded: 0)
Unloading 1 unused Assets / (2.9 KB). Loaded Objects now: 3056.
Memory consumption went from 199.4 MB to 199.4 MB.
Total: 10.742083 ms (FindLiveObjects: 0.105000 ms CreateObjectMapping: 0.049375 ms MarkObjects: 10.567666 ms  DeleteObjects: 0.019208 ms)

Prepare: number of updated asset objects reloaded= 0
AssetImportParameters requested are different than current active one (requested -> active):
  custom:container-demuxer-ogg: 62fdf1f143b41e24485cea50d1cbac27 -> 
  custom:scripting/monoscript/fileName/MiniJSON.cs: 9dd9bd3ab85495126c7877887d3a0b4e -> 9a756635ba857311c4cad4daf90aa118
  custom:scripting/monoscript/fileName/ShowOptions.cs: 907853a0b23687a252768e983401a2b4 -> 
  custom:scripting/monoscript/fileName/SkAdNetworkLocalSourceProvider.cs: cf168d41ae0339006b9d3e85924e1e18 -> 
  custom:scripting/monoscript/fileName/ISkAdNetworkParser.cs: 00a2f1799285403c715675afc483a338 -> 
  custom:scripting/monoscript/fileName/SkAdNetworkRemoteSource.cs: 4ce6c78ada45cdbd9845161fe5b527d6 -> 
  custom:scripting/monoscript/fileName/UnityAdsInitializationListenerMainDispatch.cs: 114773e7dc48b88138ce9f5404f3c39c -> 
  custom:scripting/monoscript/fileName/IUnityAdsLoadListener.cs: 50e8b68160e2f2538886aa4b7b61a0f8 -> 
  custom:scripting/monoscript/fileName/BannerBundle.cs: c2862d54b4d7ad6a7c329caf69f74522 -> 
  custom:scripting/monoscript/fileName/UiConstants.cs: d033ded79bf016572865d25f033a7fc7 -> 
  custom:video-decoder-webm-vp8: 9c59270c3fd7afecdb556c50c9e8de78 -> 
  custom:scripting/monoscript/fileName/UnsupportedPlatform.cs: 70647992ba3772ae90af74a2f80bfe61 -> 
  custom:scripting/monoscript/fileName/SkAdNetworkJsonParser.cs: 2e9a76db394ac72bcb5c1cb07b5a3eb5 -> 
  custom:scripting/monoscript/fileName/Placeholder.cs: dc7dc49fb88e9c6a01026b714c085c4e -> 
  custom:scripting/monoscript/fileName/SkAdNetworkXmlParser.cs: c4d791522d8060bb36e3ca53a1e3c472 -> 
  custom:scripting/monoscript/fileName/IUnityLifecycleManager.cs: dc09e18ba7720d75ad974331d1cc46bb -> 
  custom:scripting/monoscript/fileName/BannerOptions.cs: b20fb271839b57a288ec71ce73eb696b -> 
  custom:scripting/monoscript/fileName/IUnityAdsShowListener.cs: cf15f2e00edeff86a072dc96142e6ae8 -> 
  custom:scripting/monoscript/fileName/AndroidLoadListener.cs: f9da6dba1ab0cee865b8bfe528cfa243 -> 
  custom:scripting/monoscript/fileName/EditorTimer.cs: 481d241555bb2caea52276bc80c44dd0 -> 
  custom:scripting/monoscript/fileName/AndroidShowListener.cs: 68f60435133353c463fd4ba8612cd1d3 -> 
  custom:audio-encoder-webm-vorbis: bf7c407c2cedff20999df2af8eb42d56 -> 
  custom:scripting/monoscript/fileName/AdsServiceTopMenu.cs: 4259d1e69413eee1dc15f63471a1123f -> 
  custom:scripting/monoscript/fileName/CoroutineExecutor.cs: 81b7e05520d351a5d800b16cdb1a8670 -> 
  custom:scripting/monoscript/fileName/Banner.cs: 3e272af97a50c7297b83c105075660c2 -> 
  custom:video-decoder-ogg-theora: a1e56fd34408186e4bbccfd4996cb3dc -> 
  custom:scripting/monoscript/fileName/GameIdsUi.cs: 7f9de94899f7caa856844cd5dd6bebbb -> 
  custom:scripting/monoscript/fileName/Color.cs: 052bd00c2f811370ae18ff5c84d60ae7 -> 
  custom:scripting/monoscript/fileName/SkAdNetworkParser.cs: 63ea983e03422b5744f7d5ef87e509db -> 
  custom:scripting/monoscript/fileName/ApplicationQuit.cs: 693ef360f7cfde012ac34e2d78cc00f0 -> 
  custom:scripting/monoscript/fileName/UnityAdsLoadListenerMainDispatch.cs: 31f1282b5052137ed3fa7eabb52b9550 -> 
  custom:scripting/monoscript/fileName/UnsupportedBanner.cs: 94092f492f62a479f89db73a4d75dfe6 -> 
  custom:scripting/monoscript/fileName/Advertisement.cs: 1aaf8094c25f08d67034b74a01cbe2c4 -> 
  custom:scripting/monoscript/fileName/IBanner.cs: a4dd9caf870f19a68f872dad8602e5bd -> 
  custom:framework-osx-AVFoundation: e770b220cccbd017edd2c1fefb359320 -> 
  custom:scripting/monoscript/fileName/AdsLegacyToMediationPopup.cs: 5f7f0ffc6f9fd389bdc0a71db01a99a4 -> 
  custom:scripting/monoscript/fileName/SkAdNetworkLocalSource.cs: 24e2e363b7d610ab03d61705aa54cdc1 -> 
  custom:scripting/monoscript/fileName/INativePlatform.cs: 5877a011f50d2e3fb2124ddc38d59367 -> 
  custom:scripting/monoscript/fileName/EditorGameServiceAnalyticsSender.cs: 7d3647bed1aa704685b5f6bdac30c970 -> 8bf60872ac2cc5d469b63c20e25f0d58
  custom:scripting/monoscript/fileName/INativeBanner.cs: f02486938cf8a3fab600d2aa93479dc5 -> 
  custom:scripting/monoscript/fileName/MetaData.cs: fcc2240d7f5939e317ba5f73924a62b0 -> 
  custom:scripting/monoscript/fileName/StartEventArgs.cs: 488334481efcd4238c3d93437d51344f -> 
  custom:scripting/monoscript/fileName/BannerPlaceholder.cs: 47bbd045968b4accb04a83cb1c004944 -> 
  custom:scripting/monoscript/fileName/AdsSettingsProvider.cs: a37b7e055955eb28e22d58c92545d483 -> 
  custom:scripting/monoscript/fileName/BannerLoadOptions.cs: 5ef109474c2f91ce9db9f6dca15b8a50 -> 
  custom:scripting/monoscript/fileName/RequestGameIds.cs: 1770056b730c30e9eb20371967cc7d54 -> 
  custom:scripting/monoscript/fileName/SkAdNetworkUrlParser.cs: d0c2ddc879b9c58053ead5206b8fd2ee -> 
  custom:scripting/monoscript/fileName/EditorPlatform.cs: ebfc104a013cfcf421039da869bd9a12 -> 
  custom:container-muxer-webm: aa71ff27fc2769a1b78a27578f13a17b -> 
  custom:scripting/monoscript/fileName/ISkAdNetworkSource.cs: 2edbde09d15b4fc45971df135bdab360 -> 
  custom:scripting/monoscript/fileName/EnumUtilities.cs: 5a21a105f58880df6c87f84e99142f1e -> 
  custom:scripting/monoscript/fileName/AndroidInitializationListener.cs: 9dda6d6bd716067ec2b887cc8b54eb08 -> 7319051ca36e6dda6040ac7c6459e31a
  custom:AudioImporter_EditorPlatform: 3918e3fc78b5a79bad01e8451be0beb8 -> 
  custom:scripting/monoscript/fileName/FinishEventArgs.cs: 9c3653493570649906809987784b185d -> 
  custom:audio-decoder-ogg-vorbis: bf7c407c2cedff20999df2af8eb42d56 -> 
  custom:scripting/monoscript/fileName/UnityLifecycleManager.cs: 778ea64b784342f7bc6183d9ebd03d04 -> 
  custom:scripting/monoscript/fileName/Configuration.cs: cc24c747281f83544d6532b3b619e82e -> 
  custom:scripting/monoscript/fileName/EditorBanner.cs: da89a45a10ffa6b32542b8936dea6fa7 -> 
  custom:scripting/monoscript/fileName/AssemblyInfoUtilities.cs: cfb54d5f8c64068dbe110183f4c779cf -> 
  custom:scripting/monoscript/fileName/UnityAdsShowListenerMainDispatch.cs: 1e941d5a53efb3e56adb8cf815abf8d2 -> 
  custom:scripting/monoscript/fileName/PluginUtils.cs: 622cad900c32a75eb031e24b63abb3d9 -> 
  custom:scripting/monoscript/fileName/GettingStartedUi.cs: df3891749d02f246e39cc01e02e45428 -> 
  custom:scripting/monoscript/fileName/AdsService.cs: a80fe44f6bb90ae25095abab21494c0c -> 
  custom:scripting/monoscript/fileName/Platform.cs: da80c80ab243bb84b0ec9b692f173112 -> 
  custom:container-demuxer-webm: 4f35f7cbe854078d1ac9338744f61a02 -> 
  custom:scripting/monoscript/fileName/SkAdNetworkFileExtension.cs: ce0d5a10118b6d2ddbd380ff99aa16e0 -> 
  custom:scripting/monoscript/fileName/IPlatform.cs: 7797606926422d17a325876f68b039f5 -> 
  custom:scripting/monoscript/fileName/UiUtils.cs: 92a38366a2a31d6040f0b68e2f09cfff -> 
  custom:scripting/monoscript/fileName/AdsServiceEnabler.cs: 302965511998f922cc7771b61e27c203 -> 
  custom:video-encoder-webm-vp8: eb34c28f22e8b96e1ab97ce403110664 -> 
  custom:scripting/monoscript/fileName/AdsServiceIdentifier.cs: a0c2b0ec1b0e22d4822c4f9daff3c51d -> 
  custom:scripting/monoscript/fileName/AdsDashboardUrls.cs: 639222f61a8da5d8eabec0179d12155f -> 
  custom:scripting/monoscript/fileName/IUnityAdsInitializationListener.cs: f10a0c5171fd22d7c1e94f51b88aef68 -> 
========================================================================
Received Prepare
Begin MonoManager ReloadAssembly
Thread 0x16d31b000 may have been prematurely finalized
icall.c:1842:
icall.c:1842:
icall.c:1842:
icall.c:1842:
icall.c:1842:
icall.c:1842:
icall.c:1842:
icall.c:1842:
icall.c:1842:
icall.c:1842:
icall.c:1842:
icall.c:1842:
- Loaded All Assemblies, in  0.915 seconds
Refreshing native plugins compatible for Editor in 4.72 ms, found 2 plugins.
Native extension for Android target not found
Native extension for OSXStandalone target not found
Native extension for WebGL target not found
Mono: successfully reloaded assembly
- Finished resetting the current domain, in  1.289 seconds
Domain Reload Profiling: 2204ms
	BeginReloadAssembly (209ms)
		ExecutionOrderSort (0ms)
		DisableScriptedObjects (7ms)
		BackupInstance (0ms)
		ReleaseScriptingObjects (0ms)
		CreateAndSetChildDomain (101ms)
	RebuildCommonClasses (56ms)
	RebuildNativeTypeToScriptingClass (21ms)
	initialDomainReloadingComplete (33ms)
	LoadAllAssembliesAndSetupDomain (596ms)
		LoadAssemblies (318ms)
		RebuildTransferFunctionScriptingTraits (0ms)
		AnalyzeDomain (338ms)
			TypeCache.Refresh (317ms)
				TypeCache.ScanAssembly (296ms)
			ScanForSourceGeneratedMonoScriptInfo (18ms)
			ResolveRequiredComponents (3ms)
	FinalizeReload (1289ms)
		ReleaseScriptCaches (0ms)
		RebuildScriptCaches (0ms)
		SetupLoadedEditorAssemblies (798ms)
			LogAssemblyErrors (0ms)
			InitializePlatformSupportModulesInManaged (23ms)
			SetLoadedEditorAssemblies (4ms)
			BeforeProcessingInitializeOnLoad (95ms)
			ProcessInitializeOnLoadAttributes (410ms)
			ProcessInitializeOnLoadMethodAttributes (266ms)
			AfterProcessingInitializeOnLoad (1ms)
			EditorAssembliesLoaded (0ms)
		ExecutionOrderSort2 (0ms)
		AwakeInstancesAfterBackupRestoration (8ms)
Refreshing native plugins compatible for Editor in 5.09 ms, found 2 plugins.
Preloading 0 native plugins for Editor in 0.00 ms.
Unloading 2540 Unused Serialized files (Serialized files now loaded: 0)
Unloading 114 unused Assets / (78.4 KB). Loaded Objects now: 3060.
Memory consumption went from 240.1 MB to 240.1 MB.
Total: 9.610708 ms (FindLiveObjects: 0.129417 ms CreateObjectMapping: 0.048333 ms MarkObjects: 9.290292 ms  DeleteObjects: 0.141625 ms)

Prepare: number of updated asset objects reloaded= 0
AssetImportParameters requested are different than current active one (requested -> active):
  custom:container-demuxer-ogg: 62fdf1f143b41e24485cea50d1cbac27 -> 
  custom:scripting/monoscript/fileName/MiniJSON.cs: 9dd9bd3ab85495126c7877887d3a0b4e -> 9a756635ba857311c4cad4daf90aa118
  custom:scripting/monoscript/fileName/ShowOptions.cs: 907853a0b23687a252768e983401a2b4 -> 
  custom:scripting/monoscript/fileName/SkAdNetworkLocalSourceProvider.cs: cf168d41ae0339006b9d3e85924e1e18 -> 
  custom:scripting/monoscript/fileName/ISkAdNetworkParser.cs: 00a2f1799285403c715675afc483a338 -> 
  custom:scripting/monoscript/fileName/SkAdNetworkRemoteSource.cs: 4ce6c78ada45cdbd9845161fe5b527d6 -> 
  custom:scripting/monoscript/fileName/UnityAdsInitializationListenerMainDispatch.cs: 114773e7dc48b88138ce9f5404f3c39c -> 
  custom:scripting/monoscript/fileName/IUnityAdsLoadListener.cs: 50e8b68160e2f2538886aa4b7b61a0f8 -> 
  custom:scripting/monoscript/fileName/BannerBundle.cs: c2862d54b4d7ad6a7c329caf69f74522 -> 
  custom:scripting/monoscript/fileName/UiConstants.cs: d033ded79bf016572865d25f033a7fc7 -> 
  custom:video-decoder-webm-vp8: 9c59270c3fd7afecdb556c50c9e8de78 -> 
  custom:scripting/monoscript/fileName/UnsupportedPlatform.cs: 70647992ba3772ae90af74a2f80bfe61 -> 
  custom:scripting/monoscript/fileName/SkAdNetworkJsonParser.cs: 2e9a76db394ac72bcb5c1cb07b5a3eb5 -> 
  custom:scripting/monoscript/fileName/Placeholder.cs: dc7dc49fb88e9c6a01026b714c085c4e -> 
  custom:scripting/monoscript/fileName/SkAdNetworkXmlParser.cs: c4d791522d8060bb36e3ca53a1e3c472 -> 
  custom:scripting/monoscript/fileName/IUnityLifecycleManager.cs: dc09e18ba7720d75ad974331d1cc46bb -> 
  custom:scripting/monoscript/fileName/BannerOptions.cs: b20fb271839b57a288ec71ce73eb696b -> 
  custom:scripting/monoscript/fileName/IUnityAdsShowListener.cs: cf15f2e00edeff86a072dc96142e6ae8 -> 
  custom:scripting/monoscript/fileName/AndroidLoadListener.cs: f9da6dba1ab0cee865b8bfe528cfa243 -> 
  custom:scripting/monoscript/fileName/EditorTimer.cs: 481d241555bb2caea52276bc80c44dd0 -> 
  custom:scripting/monoscript/fileName/AndroidShowListener.cs: 68f60435133353c463fd4ba8612cd1d3 -> 
  custom:audio-encoder-webm-vorbis: bf7c407c2cedff20999df2af8eb42d56 -> 
  custom:scripting/monoscript/fileName/AdsServiceTopMenu.cs: 4259d1e69413eee1dc15f63471a1123f -> 
  custom:scripting/monoscript/fileName/CoroutineExecutor.cs: 81b7e05520d351a5d800b16cdb1a8670 -> 
  custom:scripting/monoscript/fileName/Banner.cs: 3e272af97a50c7297b83c105075660c2 -> 
  custom:video-decoder-ogg-theora: a1e56fd34408186e4bbccfd4996cb3dc -> 
  custom:scripting/monoscript/fileName/GameIdsUi.cs: 7f9de94899f7caa856844cd5dd6bebbb -> 
  custom:scripting/monoscript/fileName/Color.cs: 052bd00c2f811370ae18ff5c84d60ae7 -> 
  custom:scripting/monoscript/fileName/SkAdNetworkParser.cs: 63ea983e03422b5744f7d5ef87e509db -> 
  custom:scripting/monoscript/fileName/ApplicationQuit.cs: 693ef360f7cfde012ac34e2d78cc00f0 -> 
  custom:scripting/monoscript/fileName/UnityAdsLoadListenerMainDispatch.cs: 31f1282b5052137ed3fa7eabb52b9550 -> 
  custom:scripting/monoscript/fileName/UnsupportedBanner.cs: 94092f492f62a479f89db73a4d75dfe6 -> 
  custom:scripting/monoscript/fileName/Advertisement.cs: 1aaf8094c25f08d67034b74a01cbe2c4 -> 
  custom:scripting/monoscript/fileName/IBanner.cs: a4dd9caf870f19a68f872dad8602e5bd -> 
  custom:framework-osx-AVFoundation: e770b220cccbd017edd2c1fefb359320 -> 
  custom:scripting/monoscript/fileName/AdsLegacyToMediationPopup.cs: 5f7f0ffc6f9fd389bdc0a71db01a99a4 -> 
  custom:scripting/monoscript/fileName/SkAdNetworkLocalSource.cs: 24e2e363b7d610ab03d61705aa54cdc1 -> 
  custom:scripting/monoscript/fileName/INativePlatform.cs: 5877a011f50d2e3fb2124ddc38d59367 -> 
  custom:scripting/monoscript/fileName/EditorGameServiceAnalyticsSender.cs: 7d3647bed1aa704685b5f6bdac30c970 -> 8bf60872ac2cc5d469b63c20e25f0d58
  custom:scripting/monoscript/fileName/INativeBanner.cs: f02486938cf8a3fab600d2aa93479dc5 -> 
  custom:scripting/monoscript/fileName/MetaData.cs: fcc2240d7f5939e317ba5f73924a62b0 -> 
  custom:scripting/monoscript/fileName/StartEventArgs.cs: 488334481efcd4238c3d93437d51344f -> 
  custom:scripting/monoscript/fileName/BannerPlaceholder.cs: 47bbd045968b4accb04a83cb1c004944 -> 
  custom:scripting/monoscript/fileName/AdsSettingsProvider.cs: a37b7e055955eb28e22d58c92545d483 -> 
  custom:scripting/monoscript/fileName/BannerLoadOptions.cs: 5ef109474c2f91ce9db9f6dca15b8a50 -> 
  custom:scripting/monoscript/fileName/RequestGameIds.cs: 1770056b730c30e9eb20371967cc7d54 -> 
  custom:scripting/monoscript/fileName/SkAdNetworkUrlParser.cs: d0c2ddc879b9c58053ead5206b8fd2ee -> 
  custom:scripting/monoscript/fileName/EditorPlatform.cs: ebfc104a013cfcf421039da869bd9a12 -> 
  custom:container-muxer-webm: aa71ff27fc2769a1b78a27578f13a17b -> 
  custom:scripting/monoscript/fileName/ISkAdNetworkSource.cs: 2edbde09d15b4fc45971df135bdab360 -> 
  custom:scripting/monoscript/fileName/EnumUtilities.cs: 5a21a105f58880df6c87f84e99142f1e -> 
  custom:scripting/monoscript/fileName/AndroidInitializationListener.cs: 9dda6d6bd716067ec2b887cc8b54eb08 -> 7319051ca36e6dda6040ac7c6459e31a
  custom:AudioImporter_EditorPlatform: 3918e3fc78b5a79bad01e8451be0beb8 -> 
  custom:scripting/monoscript/fileName/FinishEventArgs.cs: 9c3653493570649906809987784b185d -> 
  custom:audio-decoder-ogg-vorbis: bf7c407c2cedff20999df2af8eb42d56 -> 
  custom:scripting/monoscript/fileName/UnityLifecycleManager.cs: 778ea64b784342f7bc6183d9ebd03d04 -> 
  custom:scripting/monoscript/fileName/Configuration.cs: cc24c747281f83544d6532b3b619e82e -> 
  custom:scripting/monoscript/fileName/EditorBanner.cs: da89a45a10ffa6b32542b8936dea6fa7 -> 
  custom:scripting/monoscript/fileName/AssemblyInfoUtilities.cs: cfb54d5f8c64068dbe110183f4c779cf -> 
  custom:scripting/monoscript/fileName/UnityAdsShowListenerMainDispatch.cs: 1e941d5a53efb3e56adb8cf815abf8d2 -> 
  custom:scripting/monoscript/fileName/PluginUtils.cs: 622cad900c32a75eb031e24b63abb3d9 -> 
  custom:scripting/monoscript/fileName/GettingStartedUi.cs: df3891749d02f246e39cc01e02e45428 -> 
  custom:scripting/monoscript/fileName/AdsService.cs: a80fe44f6bb90ae25095abab21494c0c -> 
  custom:scripting/monoscript/fileName/Platform.cs: da80c80ab243bb84b0ec9b692f173112 -> 
  custom:container-demuxer-webm: 4f35f7cbe854078d1ac9338744f61a02 -> 
  custom:scripting/monoscript/fileName/SkAdNetworkFileExtension.cs: ce0d5a10118b6d2ddbd380ff99aa16e0 -> 
  custom:scripting/monoscript/fileName/IPlatform.cs: 7797606926422d17a325876f68b039f5 -> 
  custom:scripting/monoscript/fileName/UiUtils.cs: 92a38366a2a31d6040f0b68e2f09cfff -> 
  custom:scripting/monoscript/fileName/AdsServiceEnabler.cs: 302965511998f922cc7771b61e27c203 -> 
  custom:video-encoder-webm-vp8: eb34c28f22e8b96e1ab97ce403110664 -> 
  custom:scripting/monoscript/fileName/AdsServiceIdentifier.cs: a0c2b0ec1b0e22d4822c4f9daff3c51d -> 
  custom:scripting/monoscript/fileName/AdsDashboardUrls.cs: 639222f61a8da5d8eabec0179d12155f -> 
  custom:scripting/monoscript/fileName/IUnityAdsInitializationListener.cs: f10a0c5171fd22d7c1e94f51b88aef68 -> 
========================================================================
Received Prepare
Begin MonoManager ReloadAssembly
Thread 0x16d31b000 may have been prematurely finalized
icall.c:1842:
icall.c:1842:
icall.c:1842:
icall.c:1842:
icall.c:1842:
icall.c:1842:
icall.c:1842:
icall.c:1842:
icall.c:1842:
icall.c:1842:
icall.c:1842:
icall.c:1842:
- Loaded All Assemblies, in  0.996 seconds
Refreshing native plugins compatible for Editor in 6.16 ms, found 2 plugins.
Native extension for Android target not found
Native extension for OSXStandalone target not found
Native extension for WebGL target not found
Mono: successfully reloaded assembly
- Finished resetting the current domain, in  1.273 seconds
Domain Reload Profiling: 2270ms
	BeginReloadAssembly (211ms)
		ExecutionOrderSort (0ms)
		DisableScriptedObjects (6ms)
		BackupInstance (0ms)
		ReleaseScriptingObjects (0ms)
		CreateAndSetChildDomain (111ms)
	RebuildCommonClasses (45ms)
	RebuildNativeTypeToScriptingClass (15ms)
	initialDomainReloadingComplete (21ms)
	LoadAllAssembliesAndSetupDomain (705ms)
		LoadAssemblies (341ms)
		RebuildTransferFunctionScriptingTraits (0ms)
		AnalyzeDomain (410ms)
			TypeCache.Refresh (405ms)
				TypeCache.ScanAssembly (377ms)
			ScanForSourceGeneratedMonoScriptInfo (0ms)
			ResolveRequiredComponents (4ms)
	FinalizeReload (1274ms)
		ReleaseScriptCaches (0ms)
		RebuildScriptCaches (0ms)
		SetupLoadedEditorAssemblies (716ms)
			LogAssemblyErrors (0ms)
			InitializePlatformSupportModulesInManaged (22ms)
			SetLoadedEditorAssemblies (4ms)
			BeforeProcessingInitializeOnLoad (84ms)
			ProcessInitializeOnLoadAttributes (378ms)
			ProcessInitializeOnLoadMethodAttributes (227ms)
			AfterProcessingInitializeOnLoad (1ms)
			EditorAssembliesLoaded (0ms)
		ExecutionOrderSort2 (0ms)
		AwakeInstancesAfterBackupRestoration (6ms)
Refreshing native plugins compatible for Editor in 9.26 ms, found 2 plugins.
Preloading 0 native plugins for Editor in 0.00 ms.
Unloading 2540 Unused Serialized files (Serialized files now loaded: 0)
Unloading 114 unused Assets / (78.0 KB). Loaded Objects now: 3064.
Memory consumption went from 241.4 MB to 241.3 MB.
Total: 36.204333 ms (FindLiveObjects: 0.518083 ms CreateObjectMapping: 0.077792 ms MarkObjects: 30.668542 ms  DeleteObjects: 4.938833 ms)

Prepare: number of updated asset objects reloaded= 0
AssetImportParameters requested are different than current active one (requested -> active):
  custom:container-demuxer-ogg: 62fdf1f143b41e24485cea50d1cbac27 -> 
  custom:scripting/monoscript/fileName/MiniJSON.cs: 9dd9bd3ab85495126c7877887d3a0b4e -> 9a756635ba857311c4cad4daf90aa118
  custom:scripting/monoscript/fileName/ShowOptions.cs: 907853a0b23687a252768e983401a2b4 -> 
  custom:scripting/monoscript/fileName/SkAdNetworkLocalSourceProvider.cs: cf168d41ae0339006b9d3e85924e1e18 -> 
  custom:scripting/monoscript/fileName/ISkAdNetworkParser.cs: 00a2f1799285403c715675afc483a338 -> 
  custom:scripting/monoscript/fileName/SkAdNetworkRemoteSource.cs: 4ce6c78ada45cdbd9845161fe5b527d6 -> 
  custom:scripting/monoscript/fileName/UnityAdsInitializationListenerMainDispatch.cs: 114773e7dc48b88138ce9f5404f3c39c -> 
  custom:scripting/monoscript/fileName/IUnityAdsLoadListener.cs: 50e8b68160e2f2538886aa4b7b61a0f8 -> 
  custom:scripting/monoscript/fileName/BannerBundle.cs: c2862d54b4d7ad6a7c329caf69f74522 -> 
  custom:scripting/monoscript/fileName/UiConstants.cs: d033ded79bf016572865d25f033a7fc7 -> 
  custom:video-decoder-webm-vp8: 9c59270c3fd7afecdb556c50c9e8de78 -> 
  custom:scripting/monoscript/fileName/UnsupportedPlatform.cs: 70647992ba3772ae90af74a2f80bfe61 -> 
  custom:scripting/monoscript/fileName/SkAdNetworkJsonParser.cs: 2e9a76db394ac72bcb5c1cb07b5a3eb5 -> 
  custom:scripting/monoscript/fileName/Placeholder.cs: dc7dc49fb88e9c6a01026b714c085c4e -> 
  custom:scripting/monoscript/fileName/SkAdNetworkXmlParser.cs: c4d791522d8060bb36e3ca53a1e3c472 -> 
  custom:scripting/monoscript/fileName/IUnityLifecycleManager.cs: dc09e18ba7720d75ad974331d1cc46bb -> 
  custom:scripting/monoscript/fileName/BannerOptions.cs: b20fb271839b57a288ec71ce73eb696b -> 
  custom:scripting/monoscript/fileName/IUnityAdsShowListener.cs: cf15f2e00edeff86a072dc96142e6ae8 -> 
  custom:scripting/monoscript/fileName/AndroidLoadListener.cs: f9da6dba1ab0cee865b8bfe528cfa243 -> 
  custom:scripting/monoscript/fileName/EditorTimer.cs: 481d241555bb2caea52276bc80c44dd0 -> 
  custom:scripting/monoscript/fileName/AndroidShowListener.cs: 68f60435133353c463fd4ba8612cd1d3 -> 
  custom:audio-encoder-webm-vorbis: bf7c407c2cedff20999df2af8eb42d56 -> 
  custom:scripting/monoscript/fileName/AdsServiceTopMenu.cs: 4259d1e69413eee1dc15f63471a1123f -> 
  custom:scripting/monoscript/fileName/CoroutineExecutor.cs: 81b7e05520d351a5d800b16cdb1a8670 -> 
  custom:scripting/monoscript/fileName/Banner.cs: 3e272af97a50c7297b83c105075660c2 -> 
  custom:video-decoder-ogg-theora: a1e56fd34408186e4bbccfd4996cb3dc -> 
  custom:scripting/monoscript/fileName/GameIdsUi.cs: 7f9de94899f7caa856844cd5dd6bebbb -> 
  custom:scripting/monoscript/fileName/Color.cs: 052bd00c2f811370ae18ff5c84d60ae7 -> 
  custom:scripting/monoscript/fileName/SkAdNetworkParser.cs: 63ea983e03422b5744f7d5ef87e509db -> 
  custom:scripting/monoscript/fileName/ApplicationQuit.cs: 693ef360f7cfde012ac34e2d78cc00f0 -> 
  custom:scripting/monoscript/fileName/UnityAdsLoadListenerMainDispatch.cs: 31f1282b5052137ed3fa7eabb52b9550 -> 
  custom:scripting/monoscript/fileName/UnsupportedBanner.cs: 94092f492f62a479f89db73a4d75dfe6 -> 
  custom:scripting/monoscript/fileName/Advertisement.cs: 1aaf8094c25f08d67034b74a01cbe2c4 -> 
  custom:scripting/monoscript/fileName/IBanner.cs: a4dd9caf870f19a68f872dad8602e5bd -> 
  custom:framework-osx-AVFoundation: e770b220cccbd017edd2c1fefb359320 -> 
  custom:scripting/monoscript/fileName/AdsLegacyToMediationPopup.cs: 5f7f0ffc6f9fd389bdc0a71db01a99a4 -> 
  custom:scripting/monoscript/fileName/SkAdNetworkLocalSource.cs: 24e2e363b7d610ab03d61705aa54cdc1 -> 
  custom:scripting/monoscript/fileName/INativePlatform.cs: 5877a011f50d2e3fb2124ddc38d59367 -> 
  custom:scripting/monoscript/fileName/EditorGameServiceAnalyticsSender.cs: 7d3647bed1aa704685b5f6bdac30c970 -> 8bf60872ac2cc5d469b63c20e25f0d58
  custom:scripting/monoscript/fileName/INativeBanner.cs: f02486938cf8a3fab600d2aa93479dc5 -> 
  custom:scripting/monoscript/fileName/MetaData.cs: fcc2240d7f5939e317ba5f73924a62b0 -> 
  custom:scripting/monoscript/fileName/StartEventArgs.cs: 488334481efcd4238c3d93437d51344f -> 
  custom:scripting/monoscript/fileName/BannerPlaceholder.cs: 47bbd045968b4accb04a83cb1c004944 -> 
  custom:scripting/monoscript/fileName/AdsSettingsProvider.cs: a37b7e055955eb28e22d58c92545d483 -> 
  custom:scripting/monoscript/fileName/BannerLoadOptions.cs: 5ef109474c2f91ce9db9f6dca15b8a50 -> 
  custom:scripting/monoscript/fileName/RequestGameIds.cs: 1770056b730c30e9eb20371967cc7d54 -> 
  custom:scripting/monoscript/fileName/SkAdNetworkUrlParser.cs: d0c2ddc879b9c58053ead5206b8fd2ee -> 
  custom:scripting/monoscript/fileName/EditorPlatform.cs: ebfc104a013cfcf421039da869bd9a12 -> 
  custom:container-muxer-webm: aa71ff27fc2769a1b78a27578f13a17b -> 
  custom:scripting/monoscript/fileName/ISkAdNetworkSource.cs: 2edbde09d15b4fc45971df135bdab360 -> 
  custom:scripting/monoscript/fileName/EnumUtilities.cs: 5a21a105f58880df6c87f84e99142f1e -> 
  custom:scripting/monoscript/fileName/AndroidInitializationListener.cs: 9dda6d6bd716067ec2b887cc8b54eb08 -> 7319051ca36e6dda6040ac7c6459e31a
  custom:AudioImporter_EditorPlatform: 3918e3fc78b5a79bad01e8451be0beb8 -> 
  custom:scripting/monoscript/fileName/FinishEventArgs.cs: 9c3653493570649906809987784b185d -> 
  custom:audio-decoder-ogg-vorbis: bf7c407c2cedff20999df2af8eb42d56 -> 
  custom:scripting/monoscript/fileName/UnityLifecycleManager.cs: 778ea64b784342f7bc6183d9ebd03d04 -> 
  custom:scripting/monoscript/fileName/Configuration.cs: cc24c747281f83544d6532b3b619e82e -> 
  custom:scripting/monoscript/fileName/EditorBanner.cs: da89a45a10ffa6b32542b8936dea6fa7 -> 
  custom:scripting/monoscript/fileName/AssemblyInfoUtilities.cs: cfb54d5f8c64068dbe110183f4c779cf -> 
  custom:scripting/monoscript/fileName/UnityAdsShowListenerMainDispatch.cs: 1e941d5a53efb3e56adb8cf815abf8d2 -> 
  custom:scripting/monoscript/fileName/PluginUtils.cs: 622cad900c32a75eb031e24b63abb3d9 -> 
  custom:scripting/monoscript/fileName/GettingStartedUi.cs: df3891749d02f246e39cc01e02e45428 -> 
  custom:scripting/monoscript/fileName/AdsService.cs: a80fe44f6bb90ae25095abab21494c0c -> 
  custom:scripting/monoscript/fileName/Platform.cs: da80c80ab243bb84b0ec9b692f173112 -> 
  custom:container-demuxer-webm: 4f35f7cbe854078d1ac9338744f61a02 -> 
  custom:scripting/monoscript/fileName/SkAdNetworkFileExtension.cs: ce0d5a10118b6d2ddbd380ff99aa16e0 -> 
  custom:scripting/monoscript/fileName/IPlatform.cs: 7797606926422d17a325876f68b039f5 -> 
  custom:scripting/monoscript/fileName/UiUtils.cs: 92a38366a2a31d6040f0b68e2f09cfff -> 
  custom:scripting/monoscript/fileName/AdsServiceEnabler.cs: 302965511998f922cc7771b61e27c203 -> 
  custom:video-encoder-webm-vp8: eb34c28f22e8b96e1ab97ce403110664 -> 
  custom:scripting/monoscript/fileName/AdsServiceIdentifier.cs: a0c2b0ec1b0e22d4822c4f9daff3c51d -> 
  custom:scripting/monoscript/fileName/AdsDashboardUrls.cs: 639222f61a8da5d8eabec0179d12155f -> 
  custom:scripting/monoscript/fileName/IUnityAdsInitializationListener.cs: f10a0c5171fd22d7c1e94f51b88aef68 -> 
========================================================================
Received Prepare
Refreshing native plugins compatible for Editor in 10.22 ms, found 2 plugins.
Preloading 0 native plugins for Editor in 0.00 ms.
Unloading 1 Unused Serialized files (Serialized files now loaded: 0)
Unloading 1 unused Assets / (2.9 KB). Loaded Objects now: 3064.
Memory consumption went from 201.9 MB to 201.9 MB.
Total: 18.966292 ms (FindLiveObjects: 0.188166 ms CreateObjectMapping: 0.047625 ms MarkObjects: 18.680500 ms  DeleteObjects: 0.049541 ms)

Prepare: number of updated asset objects reloaded= 0
AssetImportParameters requested are different than current active one (requested -> active):
  custom:container-demuxer-ogg: 62fdf1f143b41e24485cea50d1cbac27 -> 
  custom:scripting/monoscript/fileName/MiniJSON.cs: 9dd9bd3ab85495126c7877887d3a0b4e -> 9a756635ba857311c4cad4daf90aa118
  custom:scripting/monoscript/fileName/ShowOptions.cs: 907853a0b23687a252768e983401a2b4 -> 
  custom:scripting/monoscript/fileName/SkAdNetworkLocalSourceProvider.cs: cf168d41ae0339006b9d3e85924e1e18 -> 
  custom:scripting/monoscript/fileName/ISkAdNetworkParser.cs: 00a2f1799285403c715675afc483a338 -> 
  custom:scripting/monoscript/fileName/SkAdNetworkRemoteSource.cs: 4ce6c78ada45cdbd9845161fe5b527d6 -> 
  custom:scripting/monoscript/fileName/UnityAdsInitializationListenerMainDispatch.cs: 114773e7dc48b88138ce9f5404f3c39c -> 
  custom:scripting/monoscript/fileName/IUnityAdsLoadListener.cs: 50e8b68160e2f2538886aa4b7b61a0f8 -> 
  custom:scripting/monoscript/fileName/BannerBundle.cs: c2862d54b4d7ad6a7c329caf69f74522 -> 
  custom:scripting/monoscript/fileName/UiConstants.cs: d033ded79bf016572865d25f033a7fc7 -> 
  custom:video-decoder-webm-vp8: 9c59270c3fd7afecdb556c50c9e8de78 -> 
  custom:scripting/monoscript/fileName/UnsupportedPlatform.cs: 70647992ba3772ae90af74a2f80bfe61 -> 
  custom:scripting/monoscript/fileName/SkAdNetworkJsonParser.cs: 2e9a76db394ac72bcb5c1cb07b5a3eb5 -> 
  custom:scripting/monoscript/fileName/Placeholder.cs: dc7dc49fb88e9c6a01026b714c085c4e -> 
  custom:scripting/monoscript/fileName/SkAdNetworkXmlParser.cs: c4d791522d8060bb36e3ca53a1e3c472 -> 
  custom:scripting/monoscript/fileName/IUnityLifecycleManager.cs: dc09e18ba7720d75ad974331d1cc46bb -> 
  custom:scripting/monoscript/fileName/BannerOptions.cs: b20fb271839b57a288ec71ce73eb696b -> 
  custom:scripting/monoscript/fileName/IUnityAdsShowListener.cs: cf15f2e00edeff86a072dc96142e6ae8 -> 
  custom:scripting/monoscript/fileName/AndroidLoadListener.cs: f9da6dba1ab0cee865b8bfe528cfa243 -> 
  custom:scripting/monoscript/fileName/EditorTimer.cs: 481d241555bb2caea52276bc80c44dd0 -> 
  custom:scripting/monoscript/fileName/AndroidShowListener.cs: 68f60435133353c463fd4ba8612cd1d3 -> 
  custom:audio-encoder-webm-vorbis: bf7c407c2cedff20999df2af8eb42d56 -> 
  custom:scripting/monoscript/fileName/AdsServiceTopMenu.cs: 4259d1e69413eee1dc15f63471a1123f -> 
  custom:scripting/monoscript/fileName/CoroutineExecutor.cs: 81b7e05520d351a5d800b16cdb1a8670 -> 
  custom:scripting/monoscript/fileName/Banner.cs: 3e272af97a50c7297b83c105075660c2 -> 
  custom:video-decoder-ogg-theora: a1e56fd34408186e4bbccfd4996cb3dc -> 
  custom:scripting/monoscript/fileName/GameIdsUi.cs: 7f9de94899f7caa856844cd5dd6bebbb -> 
  custom:scripting/monoscript/fileName/Color.cs: 052bd00c2f811370ae18ff5c84d60ae7 -> 
  custom:scripting/monoscript/fileName/SkAdNetworkParser.cs: 63ea983e03422b5744f7d5ef87e509db -> 
  custom:scripting/monoscript/fileName/ApplicationQuit.cs: 693ef360f7cfde012ac34e2d78cc00f0 -> 
  custom:scripting/monoscript/fileName/UnityAdsLoadListenerMainDispatch.cs: 31f1282b5052137ed3fa7eabb52b9550 -> 
  custom:scripting/monoscript/fileName/UnsupportedBanner.cs: 94092f492f62a479f89db73a4d75dfe6 -> 
  custom:scripting/monoscript/fileName/Advertisement.cs: 1aaf8094c25f08d67034b74a01cbe2c4 -> 
  custom:scripting/monoscript/fileName/IBanner.cs: a4dd9caf870f19a68f872dad8602e5bd -> 
  custom:framework-osx-AVFoundation: e770b220cccbd017edd2c1fefb359320 -> 
  custom:scripting/monoscript/fileName/AdsLegacyToMediationPopup.cs: 5f7f0ffc6f9fd389bdc0a71db01a99a4 -> 
  custom:scripting/monoscript/fileName/SkAdNetworkLocalSource.cs: 24e2e363b7d610ab03d61705aa54cdc1 -> 
  custom:scripting/monoscript/fileName/INativePlatform.cs: 5877a011f50d2e3fb2124ddc38d59367 -> 
  custom:scripting/monoscript/fileName/EditorGameServiceAnalyticsSender.cs: 7d3647bed1aa704685b5f6bdac30c970 -> 8bf60872ac2cc5d469b63c20e25f0d58
  custom:scripting/monoscript/fileName/INativeBanner.cs: f02486938cf8a3fab600d2aa93479dc5 -> 
  custom:scripting/monoscript/fileName/MetaData.cs: fcc2240d7f5939e317ba5f73924a62b0 -> 
  custom:scripting/monoscript/fileName/StartEventArgs.cs: 488334481efcd4238c3d93437d51344f -> 
  custom:scripting/monoscript/fileName/BannerPlaceholder.cs: 47bbd045968b4accb04a83cb1c004944 -> 
  custom:scripting/monoscript/fileName/AdsSettingsProvider.cs: a37b7e055955eb28e22d58c92545d483 -> 
  custom:scripting/monoscript/fileName/BannerLoadOptions.cs: 5ef109474c2f91ce9db9f6dca15b8a50 -> 
  custom:scripting/monoscript/fileName/RequestGameIds.cs: 1770056b730c30e9eb20371967cc7d54 -> 
  custom:scripting/monoscript/fileName/SkAdNetworkUrlParser.cs: d0c2ddc879b9c58053ead5206b8fd2ee -> 
  custom:scripting/monoscript/fileName/EditorPlatform.cs: ebfc104a013cfcf421039da869bd9a12 -> 
  custom:container-muxer-webm: aa71ff27fc2769a1b78a27578f13a17b -> 
  custom:scripting/monoscript/fileName/ISkAdNetworkSource.cs: 2edbde09d15b4fc45971df135bdab360 -> 
  custom:scripting/monoscript/fileName/EnumUtilities.cs: 5a21a105f58880df6c87f84e99142f1e -> 
  custom:scripting/monoscript/fileName/AndroidInitializationListener.cs: 9dda6d6bd716067ec2b887cc8b54eb08 -> 7319051ca36e6dda6040ac7c6459e31a
  custom:AudioImporter_EditorPlatform: 3918e3fc78b5a79bad01e8451be0beb8 -> 
  custom:scripting/monoscript/fileName/FinishEventArgs.cs: 9c3653493570649906809987784b185d -> 
  custom:audio-decoder-ogg-vorbis: bf7c407c2cedff20999df2af8eb42d56 -> 
  custom:scripting/monoscript/fileName/UnityLifecycleManager.cs: 778ea64b784342f7bc6183d9ebd03d04 -> 
  custom:scripting/monoscript/fileName/Configuration.cs: cc24c747281f83544d6532b3b619e82e -> 
  custom:scripting/monoscript/fileName/EditorBanner.cs: da89a45a10ffa6b32542b8936dea6fa7 -> 
  custom:scripting/monoscript/fileName/AssemblyInfoUtilities.cs: cfb54d5f8c64068dbe110183f4c779cf -> 
  custom:scripting/monoscript/fileName/UnityAdsShowListenerMainDispatch.cs: 1e941d5a53efb3e56adb8cf815abf8d2 -> 
  custom:scripting/monoscript/fileName/PluginUtils.cs: 622cad900c32a75eb031e24b63abb3d9 -> 
  custom:scripting/monoscript/fileName/GettingStartedUi.cs: df3891749d02f246e39cc01e02e45428 -> 
  custom:scripting/monoscript/fileName/AdsService.cs: a80fe44f6bb90ae25095abab21494c0c -> 
  custom:scripting/monoscript/fileName/Platform.cs: da80c80ab243bb84b0ec9b692f173112 -> 
  custom:container-demuxer-webm: 4f35f7cbe854078d1ac9338744f61a02 -> 
  custom:scripting/monoscript/fileName/SkAdNetworkFileExtension.cs: ce0d5a10118b6d2ddbd380ff99aa16e0 -> 
  custom:scripting/monoscript/fileName/IPlatform.cs: 7797606926422d17a325876f68b039f5 -> 
  custom:scripting/monoscript/fileName/UiUtils.cs: 92a38366a2a31d6040f0b68e2f09cfff -> 
  custom:scripting/monoscript/fileName/AdsServiceEnabler.cs: 302965511998f922cc7771b61e27c203 -> 
  custom:video-encoder-webm-vp8: eb34c28f22e8b96e1ab97ce403110664 -> 
  custom:scripting/monoscript/fileName/AdsServiceIdentifier.cs: a0c2b0ec1b0e22d4822c4f9daff3c51d -> 
  custom:scripting/monoscript/fileName/AdsDashboardUrls.cs: 639222f61a8da5d8eabec0179d12155f -> 
  custom:scripting/monoscript/fileName/IUnityAdsInitializationListener.cs: f10a0c5171fd22d7c1e94f51b88aef68 -> 
========================================================================
Received Prepare
Refreshing native plugins compatible for Editor in 4.58 ms, found 2 plugins.
Preloading 0 native plugins for Editor in 0.00 ms.
Unloading 1 Unused Serialized files (Serialized files now loaded: 0)
Unloading 1 unused Assets / (3.0 KB). Loaded Objects now: 3064.
Memory consumption went from 201.7 MB to 201.7 MB.
Total: 8.914375 ms (FindLiveObjects: 0.105167 ms CreateObjectMapping: 0.044958 ms MarkObjects: 8.747625 ms  DeleteObjects: 0.015958 ms)

Prepare: number of updated asset objects reloaded= 0
AssetImportParameters requested are different than current active one (requested -> active):
  custom:container-demuxer-ogg: 62fdf1f143b41e24485cea50d1cbac27 -> 
  custom:scripting/monoscript/fileName/MiniJSON.cs: 9dd9bd3ab85495126c7877887d3a0b4e -> 9a756635ba857311c4cad4daf90aa118
  custom:scripting/monoscript/fileName/ShowOptions.cs: 907853a0b23687a252768e983401a2b4 -> 
  custom:scripting/monoscript/fileName/SkAdNetworkLocalSourceProvider.cs: cf168d41ae0339006b9d3e85924e1e18 -> 
  custom:scripting/monoscript/fileName/ISkAdNetworkParser.cs: 00a2f1799285403c715675afc483a338 -> 
  custom:scripting/monoscript/fileName/SkAdNetworkRemoteSource.cs: 4ce6c78ada45cdbd9845161fe5b527d6 -> 
  custom:scripting/monoscript/fileName/UnityAdsInitializationListenerMainDispatch.cs: 114773e7dc48b88138ce9f5404f3c39c -> 
  custom:scripting/monoscript/fileName/IUnityAdsLoadListener.cs: 50e8b68160e2f2538886aa4b7b61a0f8 -> 
  custom:scripting/monoscript/fileName/BannerBundle.cs: c2862d54b4d7ad6a7c329caf69f74522 -> 
  custom:scripting/monoscript/fileName/UiConstants.cs: d033ded79bf016572865d25f033a7fc7 -> 
  custom:video-decoder-webm-vp8: 9c59270c3fd7afecdb556c50c9e8de78 -> 
  custom:scripting/monoscript/fileName/UnsupportedPlatform.cs: 70647992ba3772ae90af74a2f80bfe61 -> 
  custom:scripting/monoscript/fileName/SkAdNetworkJsonParser.cs: 2e9a76db394ac72bcb5c1cb07b5a3eb5 -> 
  custom:scripting/monoscript/fileName/Placeholder.cs: dc7dc49fb88e9c6a01026b714c085c4e -> 
  custom:scripting/monoscript/fileName/SkAdNetworkXmlParser.cs: c4d791522d8060bb36e3ca53a1e3c472 -> 
  custom:scripting/monoscript/fileName/IUnityLifecycleManager.cs: dc09e18ba7720d75ad974331d1cc46bb -> 
  custom:scripting/monoscript/fileName/BannerOptions.cs: b20fb271839b57a288ec71ce73eb696b -> 
  custom:scripting/monoscript/fileName/IUnityAdsShowListener.cs: cf15f2e00edeff86a072dc96142e6ae8 -> 
  custom:scripting/monoscript/fileName/AndroidLoadListener.cs: f9da6dba1ab0cee865b8bfe528cfa243 -> 
  custom:scripting/monoscript/fileName/EditorTimer.cs: 481d241555bb2caea52276bc80c44dd0 -> 
  custom:scripting/monoscript/fileName/AndroidShowListener.cs: 68f60435133353c463fd4ba8612cd1d3 -> 
  custom:audio-encoder-webm-vorbis: bf7c407c2cedff20999df2af8eb42d56 -> 
  custom:scripting/monoscript/fileName/AdsServiceTopMenu.cs: 4259d1e69413eee1dc15f63471a1123f -> 
  custom:scripting/monoscript/fileName/CoroutineExecutor.cs: 81b7e05520d351a5d800b16cdb1a8670 -> 
  custom:scripting/monoscript/fileName/Banner.cs: 3e272af97a50c7297b83c105075660c2 -> 
  custom:video-decoder-ogg-theora: a1e56fd34408186e4bbccfd4996cb3dc -> 
  custom:scripting/monoscript/fileName/GameIdsUi.cs: 7f9de94899f7caa856844cd5dd6bebbb -> 
  custom:scripting/monoscript/fileName/Color.cs: 052bd00c2f811370ae18ff5c84d60ae7 -> 
  custom:scripting/monoscript/fileName/SkAdNetworkParser.cs: 63ea983e03422b5744f7d5ef87e509db -> 
  custom:scripting/monoscript/fileName/ApplicationQuit.cs: 693ef360f7cfde012ac34e2d78cc00f0 -> 
  custom:scripting/monoscript/fileName/UnityAdsLoadListenerMainDispatch.cs: 31f1282b5052137ed3fa7eabb52b9550 -> 
  custom:scripting/monoscript/fileName/UnsupportedBanner.cs: 94092f492f62a479f89db73a4d75dfe6 -> 
  custom:scripting/monoscript/fileName/Advertisement.cs: 1aaf8094c25f08d67034b74a01cbe2c4 -> 
  custom:scripting/monoscript/fileName/IBanner.cs: a4dd9caf870f19a68f872dad8602e5bd -> 
  custom:framework-osx-AVFoundation: e770b220cccbd017edd2c1fefb359320 -> 
  custom:scripting/monoscript/fileName/AdsLegacyToMediationPopup.cs: 5f7f0ffc6f9fd389bdc0a71db01a99a4 -> 
  custom:scripting/monoscript/fileName/SkAdNetworkLocalSource.cs: 24e2e363b7d610ab03d61705aa54cdc1 -> 
  custom:scripting/monoscript/fileName/INativePlatform.cs: 5877a011f50d2e3fb2124ddc38d59367 -> 
  custom:scripting/monoscript/fileName/EditorGameServiceAnalyticsSender.cs: 7d3647bed1aa704685b5f6bdac30c970 -> 8bf60872ac2cc5d469b63c20e25f0d58
  custom:scripting/monoscript/fileName/INativeBanner.cs: f02486938cf8a3fab600d2aa93479dc5 -> 
  custom:scripting/monoscript/fileName/MetaData.cs: fcc2240d7f5939e317ba5f73924a62b0 -> 
  custom:scripting/monoscript/fileName/StartEventArgs.cs: 488334481efcd4238c3d93437d51344f -> 
  custom:scripting/monoscript/fileName/BannerPlaceholder.cs: 47bbd045968b4accb04a83cb1c004944 -> 
  custom:scripting/monoscript/fileName/AdsSettingsProvider.cs: a37b7e055955eb28e22d58c92545d483 -> 
  custom:scripting/monoscript/fileName/BannerLoadOptions.cs: 5ef109474c2f91ce9db9f6dca15b8a50 -> 
  custom:scripting/monoscript/fileName/RequestGameIds.cs: 1770056b730c30e9eb20371967cc7d54 -> 
  custom:scripting/monoscript/fileName/SkAdNetworkUrlParser.cs: d0c2ddc879b9c58053ead5206b8fd2ee -> 
  custom:scripting/monoscript/fileName/EditorPlatform.cs: ebfc104a013cfcf421039da869bd9a12 -> 
  custom:container-muxer-webm: aa71ff27fc2769a1b78a27578f13a17b -> 
  custom:scripting/monoscript/fileName/ISkAdNetworkSource.cs: 2edbde09d15b4fc45971df135bdab360 -> 
  custom:scripting/monoscript/fileName/EnumUtilities.cs: 5a21a105f58880df6c87f84e99142f1e -> 
  custom:scripting/monoscript/fileName/AndroidInitializationListener.cs: 9dda6d6bd716067ec2b887cc8b54eb08 -> 7319051ca36e6dda6040ac7c6459e31a
  custom:AudioImporter_EditorPlatform: 3918e3fc78b5a79bad01e8451be0beb8 -> 
  custom:scripting/monoscript/fileName/FinishEventArgs.cs: 9c3653493570649906809987784b185d -> 
  custom:audio-decoder-ogg-vorbis: bf7c407c2cedff20999df2af8eb42d56 -> 
  custom:scripting/monoscript/fileName/UnityLifecycleManager.cs: 778ea64b784342f7bc6183d9ebd03d04 -> 
  custom:scripting/monoscript/fileName/Configuration.cs: cc24c747281f83544d6532b3b619e82e -> 
  custom:scripting/monoscript/fileName/EditorBanner.cs: da89a45a10ffa6b32542b8936dea6fa7 -> 
  custom:scripting/monoscript/fileName/AssemblyInfoUtilities.cs: cfb54d5f8c64068dbe110183f4c779cf -> 
  custom:scripting/monoscript/fileName/UnityAdsShowListenerMainDispatch.cs: 1e941d5a53efb3e56adb8cf815abf8d2 -> 
  custom:scripting/monoscript/fileName/PluginUtils.cs: 622cad900c32a75eb031e24b63abb3d9 -> 
  custom:scripting/monoscript/fileName/GettingStartedUi.cs: df3891749d02f246e39cc01e02e45428 -> 
  custom:scripting/monoscript/fileName/AdsService.cs: a80fe44f6bb90ae25095abab21494c0c -> 
  custom:scripting/monoscript/fileName/Platform.cs: da80c80ab243bb84b0ec9b692f173112 -> 
  custom:container-demuxer-webm: 4f35f7cbe854078d1ac9338744f61a02 -> 
  custom:scripting/monoscript/fileName/SkAdNetworkFileExtension.cs: ce0d5a10118b6d2ddbd380ff99aa16e0 -> 
  custom:scripting/monoscript/fileName/IPlatform.cs: 7797606926422d17a325876f68b039f5 -> 
  custom:scripting/monoscript/fileName/UiUtils.cs: 92a38366a2a31d6040f0b68e2f09cfff -> 
  custom:scripting/monoscript/fileName/AdsServiceEnabler.cs: 302965511998f922cc7771b61e27c203 -> 
  custom:video-encoder-webm-vp8: eb34c28f22e8b96e1ab97ce403110664 -> 
  custom:scripting/monoscript/fileName/AdsServiceIdentifier.cs: a0c2b0ec1b0e22d4822c4f9daff3c51d -> 
  custom:scripting/monoscript/fileName/AdsDashboardUrls.cs: 639222f61a8da5d8eabec0179d12155f -> 
  custom:scripting/monoscript/fileName/IUnityAdsInitializationListener.cs: f10a0c5171fd22d7c1e94f51b88aef68 -> 
========================================================================
Received Prepare
Begin MonoManager ReloadAssembly
Thread 0x16d31b000 may have been prematurely finalized
icall.c:1842:
icall.c:1842:
icall.c:1842:
icall.c:1842:
icall.c:1842:
icall.c:1842:
icall.c:1842:
icall.c:1842:
icall.c:1842:
icall.c:1842:
icall.c:1842:
icall.c:1842:
- Loaded All Assemblies, in  0.829 seconds
Refreshing native plugins compatible for Editor in 4.36 ms, found 2 plugins.
Native extension for Android target not found
Native extension for OSXStandalone target not found
Native extension for WebGL target not found
Mono: successfully reloaded assembly
- Finished resetting the current domain, in  1.142 seconds
Domain Reload Profiling: 1971ms
	BeginReloadAssembly (183ms)
		ExecutionOrderSort (0ms)
		DisableScriptedObjects (6ms)
		BackupInstance (0ms)
		ReleaseScriptingObjects (0ms)
		CreateAndSetChildDomain (92ms)
	RebuildCommonClasses (43ms)
	RebuildNativeTypeToScriptingClass (15ms)
	initialDomainReloadingComplete (22ms)
	LoadAllAssembliesAndSetupDomain (566ms)
		LoadAssemblies (282ms)
		RebuildTransferFunctionScriptingTraits (0ms)
		AnalyzeDomain (334ms)
			TypeCache.Refresh (317ms)
				TypeCache.ScanAssembly (302ms)
			ScanForSourceGeneratedMonoScriptInfo (14ms)
			ResolveRequiredComponents (3ms)
	FinalizeReload (1142ms)
		ReleaseScriptCaches (0ms)
		RebuildScriptCaches (0ms)
		SetupLoadedEditorAssemblies (649ms)
			LogAssemblyErrors (0ms)
			InitializePlatformSupportModulesInManaged (25ms)
			SetLoadedEditorAssemblies (4ms)
			BeforeProcessingInitializeOnLoad (77ms)
			ProcessInitializeOnLoadAttributes (351ms)
			ProcessInitializeOnLoadMethodAttributes (190ms)
			AfterProcessingInitializeOnLoad (1ms)
			EditorAssembliesLoaded (0ms)
		ExecutionOrderSort2 (0ms)
		AwakeInstancesAfterBackupRestoration (5ms)
Refreshing native plugins compatible for Editor in 5.43 ms, found 2 plugins.
Preloading 0 native plugins for Editor in 0.00 ms.
Unloading 2540 Unused Serialized files (Serialized files now loaded: 0)
Unloading 114 unused Assets / (77.9 KB). Loaded Objects now: 3068.
Memory consumption went from 243.6 MB to 243.5 MB.
Total: 12.766791 ms (FindLiveObjects: 0.124583 ms CreateObjectMapping: 0.055250 ms MarkObjects: 12.397083 ms  DeleteObjects: 0.188542 ms)

Prepare: number of updated asset objects reloaded= 0
AssetImportParameters requested are different than current active one (requested -> active):
  custom:container-demuxer-ogg: 62fdf1f143b41e24485cea50d1cbac27 -> 
  custom:scripting/monoscript/fileName/MiniJSON.cs: 9dd9bd3ab85495126c7877887d3a0b4e -> 9a756635ba857311c4cad4daf90aa118
  custom:scripting/monoscript/fileName/ShowOptions.cs: 907853a0b23687a252768e983401a2b4 -> 
  custom:scripting/monoscript/fileName/SkAdNetworkLocalSourceProvider.cs: cf168d41ae0339006b9d3e85924e1e18 -> 
  custom:scripting/monoscript/fileName/ISkAdNetworkParser.cs: 00a2f1799285403c715675afc483a338 -> 
  custom:scripting/monoscript/fileName/SkAdNetworkRemoteSource.cs: 4ce6c78ada45cdbd9845161fe5b527d6 -> 
  custom:scripting/monoscript/fileName/UnityAdsInitializationListenerMainDispatch.cs: 114773e7dc48b88138ce9f5404f3c39c -> 
  custom:scripting/monoscript/fileName/IUnityAdsLoadListener.cs: 50e8b68160e2f2538886aa4b7b61a0f8 -> 
  custom:scripting/monoscript/fileName/BannerBundle.cs: c2862d54b4d7ad6a7c329caf69f74522 -> 
  custom:scripting/monoscript/fileName/UiConstants.cs: d033ded79bf016572865d25f033a7fc7 -> 
  custom:video-decoder-webm-vp8: 9c59270c3fd7afecdb556c50c9e8de78 -> 
  custom:scripting/monoscript/fileName/UnsupportedPlatform.cs: 70647992ba3772ae90af74a2f80bfe61 -> 
  custom:scripting/monoscript/fileName/SkAdNetworkJsonParser.cs: 2e9a76db394ac72bcb5c1cb07b5a3eb5 -> 
  custom:scripting/monoscript/fileName/Placeholder.cs: dc7dc49fb88e9c6a01026b714c085c4e -> 
  custom:scripting/monoscript/fileName/SkAdNetworkXmlParser.cs: c4d791522d8060bb36e3ca53a1e3c472 -> 
  custom:scripting/monoscript/fileName/IUnityLifecycleManager.cs: dc09e18ba7720d75ad974331d1cc46bb -> 
  custom:scripting/monoscript/fileName/BannerOptions.cs: b20fb271839b57a288ec71ce73eb696b -> 
  custom:scripting/monoscript/fileName/IUnityAdsShowListener.cs: cf15f2e00edeff86a072dc96142e6ae8 -> 
  custom:scripting/monoscript/fileName/AndroidLoadListener.cs: f9da6dba1ab0cee865b8bfe528cfa243 -> 
  custom:scripting/monoscript/fileName/EditorTimer.cs: 481d241555bb2caea52276bc80c44dd0 -> 
  custom:scripting/monoscript/fileName/AndroidShowListener.cs: 68f60435133353c463fd4ba8612cd1d3 -> 
  custom:audio-encoder-webm-vorbis: bf7c407c2cedff20999df2af8eb42d56 -> 
  custom:scripting/monoscript/fileName/AdsServiceTopMenu.cs: 4259d1e69413eee1dc15f63471a1123f -> 
  custom:scripting/monoscript/fileName/CoroutineExecutor.cs: 81b7e05520d351a5d800b16cdb1a8670 -> 
  custom:scripting/monoscript/fileName/Banner.cs: 3e272af97a50c7297b83c105075660c2 -> 
  custom:video-decoder-ogg-theora: a1e56fd34408186e4bbccfd4996cb3dc -> 
  custom:scripting/monoscript/fileName/GameIdsUi.cs: 7f9de94899f7caa856844cd5dd6bebbb -> 
  custom:scripting/monoscript/fileName/Color.cs: 052bd00c2f811370ae18ff5c84d60ae7 -> 
  custom:scripting/monoscript/fileName/SkAdNetworkParser.cs: 63ea983e03422b5744f7d5ef87e509db -> 
  custom:scripting/monoscript/fileName/ApplicationQuit.cs: 693ef360f7cfde012ac34e2d78cc00f0 -> 
  custom:scripting/monoscript/fileName/UnityAdsLoadListenerMainDispatch.cs: 31f1282b5052137ed3fa7eabb52b9550 -> 
  custom:scripting/monoscript/fileName/UnsupportedBanner.cs: 94092f492f62a479f89db73a4d75dfe6 -> 
  custom:scripting/monoscript/fileName/Advertisement.cs: 1aaf8094c25f08d67034b74a01cbe2c4 -> 
  custom:scripting/monoscript/fileName/IBanner.cs: a4dd9caf870f19a68f872dad8602e5bd -> 
  custom:framework-osx-AVFoundation: e770b220cccbd017edd2c1fefb359320 -> 
  custom:scripting/monoscript/fileName/AdsLegacyToMediationPopup.cs: 5f7f0ffc6f9fd389bdc0a71db01a99a4 -> 
  custom:scripting/monoscript/fileName/SkAdNetworkLocalSource.cs: 24e2e363b7d610ab03d61705aa54cdc1 -> 
  custom:scripting/monoscript/fileName/INativePlatform.cs: 5877a011f50d2e3fb2124ddc38d59367 -> 
  custom:scripting/monoscript/fileName/EditorGameServiceAnalyticsSender.cs: 7d3647bed1aa704685b5f6bdac30c970 -> 8bf60872ac2cc5d469b63c20e25f0d58
  custom:scripting/monoscript/fileName/INativeBanner.cs: f02486938cf8a3fab600d2aa93479dc5 -> 
  custom:scripting/monoscript/fileName/MetaData.cs: fcc2240d7f5939e317ba5f73924a62b0 -> 
  custom:scripting/monoscript/fileName/StartEventArgs.cs: 488334481efcd4238c3d93437d51344f -> 
  custom:scripting/monoscript/fileName/BannerPlaceholder.cs: 47bbd045968b4accb04a83cb1c004944 -> 
  custom:scripting/monoscript/fileName/AdsSettingsProvider.cs: a37b7e055955eb28e22d58c92545d483 -> 
  custom:scripting/monoscript/fileName/BannerLoadOptions.cs: 5ef109474c2f91ce9db9f6dca15b8a50 -> 
  custom:scripting/monoscript/fileName/RequestGameIds.cs: 1770056b730c30e9eb20371967cc7d54 -> 
  custom:scripting/monoscript/fileName/SkAdNetworkUrlParser.cs: d0c2ddc879b9c58053ead5206b8fd2ee -> 
  custom:scripting/monoscript/fileName/EditorPlatform.cs: ebfc104a013cfcf421039da869bd9a12 -> 
  custom:container-muxer-webm: aa71ff27fc2769a1b78a27578f13a17b -> 
  custom:scripting/monoscript/fileName/ISkAdNetworkSource.cs: 2edbde09d15b4fc45971df135bdab360 -> 
  custom:scripting/monoscript/fileName/EnumUtilities.cs: 5a21a105f58880df6c87f84e99142f1e -> 
  custom:scripting/monoscript/fileName/AndroidInitializationListener.cs: 9dda6d6bd716067ec2b887cc8b54eb08 -> 7319051ca36e6dda6040ac7c6459e31a
  custom:AudioImporter_EditorPlatform: 3918e3fc78b5a79bad01e8451be0beb8 -> 
  custom:scripting/monoscript/fileName/FinishEventArgs.cs: 9c3653493570649906809987784b185d -> 
  custom:audio-decoder-ogg-vorbis: bf7c407c2cedff20999df2af8eb42d56 -> 
  custom:scripting/monoscript/fileName/UnityLifecycleManager.cs: 778ea64b784342f7bc6183d9ebd03d04 -> 
  custom:scripting/monoscript/fileName/Configuration.cs: cc24c747281f83544d6532b3b619e82e -> 
  custom:scripting/monoscript/fileName/EditorBanner.cs: da89a45a10ffa6b32542b8936dea6fa7 -> 
  custom:scripting/monoscript/fileName/AssemblyInfoUtilities.cs: cfb54d5f8c64068dbe110183f4c779cf -> 
  custom:scripting/monoscript/fileName/UnityAdsShowListenerMainDispatch.cs: 1e941d5a53efb3e56adb8cf815abf8d2 -> 
  custom:scripting/monoscript/fileName/PluginUtils.cs: 622cad900c32a75eb031e24b63abb3d9 -> 
  custom:scripting/monoscript/fileName/GettingStartedUi.cs: df3891749d02f246e39cc01e02e45428 -> 
  custom:scripting/monoscript/fileName/AdsService.cs: a80fe44f6bb90ae25095abab21494c0c -> 
  custom:scripting/monoscript/fileName/Platform.cs: da80c80ab243bb84b0ec9b692f173112 -> 
  custom:container-demuxer-webm: 4f35f7cbe854078d1ac9338744f61a02 -> 
  custom:scripting/monoscript/fileName/SkAdNetworkFileExtension.cs: ce0d5a10118b6d2ddbd380ff99aa16e0 -> 
  custom:scripting/monoscript/fileName/IPlatform.cs: 7797606926422d17a325876f68b039f5 -> 
  custom:scripting/monoscript/fileName/UiUtils.cs: 92a38366a2a31d6040f0b68e2f09cfff -> 
  custom:scripting/monoscript/fileName/AdsServiceEnabler.cs: 302965511998f922cc7771b61e27c203 -> 
  custom:video-encoder-webm-vp8: eb34c28f22e8b96e1ab97ce403110664 -> 
  custom:scripting/monoscript/fileName/AdsServiceIdentifier.cs: a0c2b0ec1b0e22d4822c4f9daff3c51d -> 
  custom:scripting/monoscript/fileName/AdsDashboardUrls.cs: 639222f61a8da5d8eabec0179d12155f -> 
  custom:scripting/monoscript/fileName/IUnityAdsInitializationListener.cs: f10a0c5171fd22d7c1e94f51b88aef68 -> 
